{"/home/travis/build/npmtest/node-npmtest-vk-io/test.js":{"path":"/home/travis/build/npmtest/node-npmtest-vk-io/test.js","s":{"1":2,"2":2,"3":2,"4":2,"5":2,"6":2,"7":2,"8":1,"9":2,"10":2,"11":1,"12":1,"13":1,"14":1,"15":2,"16":2,"17":2,"18":2,"19":1,"20":1,"21":2,"22":2,"23":2,"24":1,"25":1,"26":1,"27":1,"28":1,"29":1,"30":1,"31":1,"32":1,"33":1,"34":1,"35":1,"36":1,"37":1,"38":1,"39":2,"40":2,"41":1,"42":2,"43":2,"44":1,"45":2,"46":2,"47":1,"48":2,"49":2,"50":1,"51":1,"52":1,"53":1,"54":1},"b":{"1":[2,1,1,1],"2":[1,1,1,1],"3":[1,1],"4":[1,1],"5":[1,1],"6":[1,1],"7":[1,1],"8":[1,1],"9":[1,1],"10":[1,1,1],"11":[1,1],"12":[1,1],"13":[1,1],"14":[1,1],"15":[1,1],"16":[1,1],"17":[1,1]},"f":{"1":2,"2":2,"3":2,"4":2,"5":2,"6":1,"7":1,"8":1,"9":2,"10":2,"11":2,"12":2,"13":1},"fnMap":{"1":{"name":"(anonymous_1)","line":12,"loc":{"start":{"line":12,"column":1},"end":{"line":12,"column":13}}},"2":{"name":"(anonymous_2)","line":19,"loc":{"start":{"line":19,"column":5},"end":{"line":19,"column":17}}},"3":{"name":"(anonymous_3)","line":23,"loc":{"start":{"line":23,"column":24},"end":{"line":23,"column":36}}},"4":{"name":"(anonymous_4)","line":61,"loc":{"start":{"line":61,"column":5},"end":{"line":61,"column":17}}},"5":{"name":"(anonymous_5)","line":82,"loc":{"start":{"line":82,"column":5},"end":{"line":82,"column":17}}},"6":{"name":"(anonymous_6)","line":91,"loc":{"start":{"line":91,"column":77},"end":{"line":94,"column":10}}},"7":{"name":"(anonymous_7)","line":112,"loc":{"start":{"line":112,"column":83},"end":{"line":115,"column":10}},"skip":true},"8":{"name":"(anonymous_8)","line":123,"loc":{"start":{"line":123,"column":77},"end":{"line":126,"column":10}},"skip":true},"9":{"name":"(anonymous_9)","line":139,"loc":{"start":{"line":139,"column":12},"end":{"line":139,"column":40}},"skip":true},"10":{"name":"(anonymous_10)","line":147,"loc":{"start":{"line":147,"column":77},"end":{"line":150,"column":10}},"skip":true},"11":{"name":"(anonymous_11)","line":158,"loc":{"start":{"line":158,"column":83},"end":{"line":161,"column":10}},"skip":true},"12":{"name":"(anonymous_12)","line":169,"loc":{"start":{"line":169,"column":79},"end":{"line":172,"column":10}},"skip":true},"13":{"name":"(anonymous_13)","line":180,"loc":{"start":{"line":180,"column":75},"end":{"line":183,"column":10}},"skip":true}},"statementMap":{"1":{"start":{"line":12,"column":0},"end":{"line":195,"column":5}},"2":{"start":{"line":14,"column":4},"end":{"line":14,"column":14}},"3":{"start":{"line":19,"column":4},"end":{"line":56,"column":9}},"4":{"start":{"line":21,"column":8},"end":{"line":21,"column":19}},"5":{"start":{"line":23,"column":8},"end":{"line":35,"column":13}},"6":{"start":{"line":24,"column":12},"end":{"line":34,"column":13}},"7":{"start":{"line":25,"column":16},"end":{"line":28,"column":30}},"8":{"start":{"line":30,"column":16},"end":{"line":33,"column":27}},"9":{"start":{"line":37,"column":8},"end":{"line":39,"column":21}},"10":{"start":{"line":40,"column":8},"end":{"line":53,"column":9}},"11":{"start":{"line":43,"column":12},"end":{"line":46,"column":14}},"12":{"start":{"line":47,"column":12},"end":{"line":47,"column":18}},"13":{"start":{"line":50,"column":12},"end":{"line":51,"column":33}},"14":{"start":{"line":52,"column":12},"end":{"line":52,"column":18}},"15":{"start":{"line":55,"column":8},"end":{"line":55,"column":35}},"16":{"start":{"line":61,"column":4},"end":{"line":63,"column":9}},"17":{"start":{"line":62,"column":8},"end":{"line":62,"column":15}},"18":{"start":{"line":64,"column":4},"end":{"line":77,"column":5}},"19":{"start":{"line":70,"column":8},"end":{"line":70,"column":14}},"20":{"start":{"line":76,"column":8},"end":{"line":76,"column":14}},"21":{"start":{"line":82,"column":4},"end":{"line":84,"column":9}},"22":{"start":{"line":83,"column":8},"end":{"line":83,"column":15}},"23":{"start":{"line":85,"column":4},"end":{"line":194,"column":5}},"24":{"start":{"line":91,"column":8},"end":{"line":99,"column":10}},"25":{"start":{"line":98,"column":12},"end":{"line":98,"column":35}},"26":{"start":{"line":102,"column":8},"end":{"line":104,"column":63}},"27":{"start":{"line":105,"column":8},"end":{"line":105,"column":14}},"28":{"start":{"line":112,"column":8},"end":{"line":121,"column":10},"skip":true},"29":{"start":{"line":119,"column":12},"end":{"line":119,"column":55},"skip":true},"30":{"start":{"line":120,"column":12},"end":{"line":120,"column":48},"skip":true},"31":{"start":{"line":123,"column":8},"end":{"line":136,"column":10},"skip":true},"32":{"start":{"line":130,"column":12},"end":{"line":130,"column":76},"skip":true},"33":{"start":{"line":131,"column":12},"end":{"line":131,"column":73},"skip":true},"34":{"start":{"line":132,"column":12},"end":{"line":132,"column":74},"skip":true},"35":{"start":{"line":133,"column":12},"end":{"line":133,"column":79},"skip":true},"36":{"start":{"line":134,"column":12},"end":{"line":134,"column":25},"skip":true},"37":{"start":{"line":135,"column":12},"end":{"line":135,"column":45},"skip":true},"38":{"start":{"line":138,"column":8},"end":{"line":145,"column":14},"skip":true},"39":{"start":{"line":143,"column":16},"end":{"line":143,"column":29},"skip":true},"40":{"start":{"line":144,"column":16},"end":{"line":144,"column":55},"skip":true},"41":{"start":{"line":147,"column":8},"end":{"line":156,"column":10},"skip":true},"42":{"start":{"line":154,"column":12},"end":{"line":154,"column":25},"skip":true},"43":{"start":{"line":155,"column":12},"end":{"line":155,"column":45},"skip":true},"44":{"start":{"line":158,"column":8},"end":{"line":167,"column":10},"skip":true},"45":{"start":{"line":165,"column":12},"end":{"line":165,"column":25},"skip":true},"46":{"start":{"line":166,"column":12},"end":{"line":166,"column":48},"skip":true},"47":{"start":{"line":169,"column":8},"end":{"line":178,"column":10},"skip":true},"48":{"start":{"line":176,"column":12},"end":{"line":176,"column":25},"skip":true},"49":{"start":{"line":177,"column":12},"end":{"line":177,"column":46},"skip":true},"50":{"start":{"line":180,"column":8},"end":{"line":189,"column":10},"skip":true},"51":{"start":{"line":187,"column":12},"end":{"line":187,"column":94},"skip":true},"52":{"start":{"line":188,"column":12},"end":{"line":188,"column":48},"skip":true},"53":{"start":{"line":192,"column":8},"end":{"line":192,"column":35},"skip":true},"54":{"start":{"line":193,"column":8},"end":{"line":193,"column":14},"skip":true}},"branchMap":{"1":{"line":25,"type":"binary-expr","locations":[{"start":{"line":25,"column":23},"end":{"line":25,"column":62}},{"start":{"line":26,"column":20},"end":{"line":26,"column":70}},{"start":{"line":27,"column":20},"end":{"line":27,"column":71}},{"start":{"line":28,"column":20},"end":{"line":28,"column":29}}]},"2":{"line":30,"type":"binary-expr","locations":[{"start":{"line":30,"column":23},"end":{"line":30,"column":37}},{"start":{"line":31,"column":20},"end":{"line":31,"column":61}},{"start":{"line":32,"column":20},"end":{"line":32,"column":70}},{"start":{"line":33,"column":20},"end":{"line":33,"column":26}}]},"3":{"line":37,"type":"cond-expr","locations":[{"start":{"line":38,"column":14},"end":{"line":38,"column":20}},{"start":{"line":39,"column":14},"end":{"line":39,"column":20}}]},"4":{"line":40,"type":"switch","locations":[{"start":{"line":42,"column":8},"end":{"line":47,"column":18}},{"start":{"line":49,"column":8},"end":{"line":52,"column":18}}]},"5":{"line":44,"type":"binary-expr","locations":[{"start":{"line":44,"column":16},"end":{"line":44,"column":44}},{"start":{"line":44,"column":48},"end":{"line":44,"column":66}}]},"6":{"line":50,"type":"binary-expr","locations":[{"start":{"line":50,"column":21},"end":{"line":50,"column":49}},{"start":{"line":50,"column":53},"end":{"line":50,"column":72}}]},"7":{"line":64,"type":"switch","locations":[{"start":{"line":69,"column":4},"end":{"line":70,"column":14}},{"start":{"line":75,"column":4},"end":{"line":76,"column":14}}]},"8":{"line":85,"type":"switch","locations":[{"start":{"line":90,"column":4},"end":{"line":105,"column":14}},{"start":{"line":111,"column":4},"end":{"line":193,"column":14},"skip":true}]},"9":{"line":91,"type":"binary-expr","locations":[{"start":{"line":91,"column":42},"end":{"line":91,"column":73}},{"start":{"line":91,"column":77},"end":{"line":99,"column":9}}]},"10":{"line":102,"type":"binary-expr","locations":[{"start":{"line":102,"column":18},"end":{"line":102,"column":32}},{"start":{"line":103,"column":12},"end":{"line":103,"column":53}},{"start":{"line":104,"column":12},"end":{"line":104,"column":61}}]},"11":{"line":112,"type":"binary-expr","locations":[{"start":{"line":112,"column":45},"end":{"line":112,"column":79},"skip":true},{"start":{"line":112,"column":83},"end":{"line":121,"column":9},"skip":true}]},"12":{"line":123,"type":"binary-expr","locations":[{"start":{"line":123,"column":42},"end":{"line":123,"column":73},"skip":true},{"start":{"line":123,"column":77},"end":{"line":136,"column":9},"skip":true}]},"13":{"line":138,"type":"binary-expr","locations":[{"start":{"line":138,"column":48},"end":{"line":138,"column":85},"skip":true},{"start":{"line":139,"column":12},"end":{"line":145,"column":13},"skip":true}]},"14":{"line":147,"type":"binary-expr","locations":[{"start":{"line":147,"column":42},"end":{"line":147,"column":73},"skip":true},{"start":{"line":147,"column":77},"end":{"line":156,"column":9},"skip":true}]},"15":{"line":158,"type":"binary-expr","locations":[{"start":{"line":158,"column":45},"end":{"line":158,"column":79},"skip":true},{"start":{"line":158,"column":83},"end":{"line":167,"column":9},"skip":true}]},"16":{"line":169,"type":"binary-expr","locations":[{"start":{"line":169,"column":43},"end":{"line":169,"column":75},"skip":true},{"start":{"line":169,"column":79},"end":{"line":178,"column":9},"skip":true}]},"17":{"line":180,"type":"binary-expr","locations":[{"start":{"line":180,"column":41},"end":{"line":180,"column":71},"skip":true},{"start":{"line":180,"column":75},"end":{"line":189,"column":9},"skip":true}]}},"code":["/* istanbul instrument in package npmtest_vk_io */","/*jslint","    bitwise: true,","    browser: true,","    maxerr: 8,","    maxlen: 96,","    node: true,","    nomen: true,","    regexp: true,","    stupid: true","*/","(function () {","    'use strict';","    var local;","","","","    // run shared js-env code - init-before","    (function () {","        // init local","        local = {};","        // init modeJs","        local.modeJs = (function () {","            try {","                return typeof navigator.userAgent === 'string' &&","                    typeof document.querySelector('body') === 'object' &&","                    typeof XMLHttpRequest.prototype.open === 'function' &&","                    'browser';","            } catch (errorCaughtBrowser) {","                return module.exports &&","                    typeof process.versions.node === 'string' &&","                    typeof require('http').createServer === 'function' &&","                    'node';","            }","        }());","        // init global","        local.global = local.modeJs === 'browser'","            ? window","            : global;","        switch (local.modeJs) {","        // re-init local from window.local","        case 'browser':","            local = local.global.utility2.objectSetDefault(","                local.global.utility2_rollup || local.global.local,","                local.global.utility2","            );","            break;","        // re-init local from example.js","        case 'node':","            local = (local.global.utility2_rollup || require('utility2'))","                .requireReadme();","            break;","        }","        // export local","        local.global.local = local;","    }());","","","","    // run shared js-env code - function","    (function () {","        return;","    }());","    switch (local.modeJs) {","","","","    // run browser js-env code - function","    case 'browser':","        break;","","","","    // run node js-env code - function","    case 'node':","        break;","    }","","","","    // run shared js-env code - init-after","    (function () {","        return;","    }());","    switch (local.modeJs) {","","","","    // run browser js-env code - init-after","    case 'browser':","        local.testCase_browser_nullCase = local.testCase_browser_nullCase || function (","            options,","            onError","        ) {","        /*","         * this function will test browsers's null-case handling-behavior-behavior","         */","            onError(null, options);","        };","","        // run tests","        local.nop(local.modeTest &&","            document.querySelector('#testRunButton1') &&","            document.querySelector('#testRunButton1').click());","        break;","","","","    // run node js-env code - init-after","    /* istanbul ignore next */","    case 'node':","        local.testCase_buildApidoc_default = local.testCase_buildApidoc_default || function (","            options,","            onError","        ) {","        /*","         * this function will test buildApidoc's default handling-behavior-behavior","         */","            options = { modulePathList: module.paths };","            local.buildApidoc(options, onError);","        };","","        local.testCase_buildApp_default = local.testCase_buildApp_default || function (","            options,","            onError","        ) {","        /*","         * this function will test buildApp's default handling-behavior-behavior","         */","            local.testCase_buildReadme_default(options, local.onErrorThrow);","            local.testCase_buildLib_default(options, local.onErrorThrow);","            local.testCase_buildTest_default(options, local.onErrorThrow);","            local.testCase_buildCustomOrg_default(options, local.onErrorThrow);","            options = [];","            local.buildApp(options, onError);","        };","","        local.testCase_buildCustomOrg_default = local.testCase_buildCustomOrg_default ||","            function (options, onError) {","            /*","             * this function will test buildCustomOrg's default handling-behavior","             */","                options = {};","                local.buildCustomOrg(options, onError);","            };","","        local.testCase_buildLib_default = local.testCase_buildLib_default || function (","            options,","            onError","        ) {","        /*","         * this function will test buildLib's default handling-behavior","         */","            options = {};","            local.buildLib(options, onError);","        };","","        local.testCase_buildReadme_default = local.testCase_buildReadme_default || function (","            options,","            onError","        ) {","        /*","         * this function will test buildReadme's default handling-behavior-behavior","         */","            options = {};","            local.buildReadme(options, onError);","        };","","        local.testCase_buildTest_default = local.testCase_buildTest_default || function (","            options,","            onError","        ) {","        /*","         * this function will test buildTest's default handling-behavior","         */","            options = {};","            local.buildTest(options, onError);","        };","","        local.testCase_webpage_default = local.testCase_webpage_default || function (","            options,","            onError","        ) {","        /*","         * this function will test webpage's default handling-behavior","         */","            options = { modeCoverageMerge: true, url: local.serverLocalHost + '?modeTest=1' };","            local.browserTest(options, onError);","        };","","        // run test-server","        local.testRunServer(local);","        break;","    }","}());",""],"l":{"12":2,"14":2,"19":2,"21":2,"23":2,"24":2,"25":2,"30":1,"37":2,"40":2,"43":1,"47":1,"50":1,"52":1,"55":2,"61":2,"62":2,"64":2,"70":1,"76":1,"82":2,"83":2,"85":2,"91":1,"98":1,"102":1,"105":1,"112":1,"119":1,"120":1,"123":1,"130":1,"131":1,"132":1,"133":1,"134":1,"135":1,"138":1,"143":2,"144":2,"147":1,"154":2,"155":2,"158":1,"165":2,"166":2,"169":1,"176":2,"177":2,"180":1,"187":1,"188":1,"192":1,"193":1}},"/home/travis/build/npmtest/node-npmtest-vk-io/lib.npmtest_vk_io.js":{"path":"/home/travis/build/npmtest/node-npmtest-vk-io/lib.npmtest_vk_io.js","s":{"1":2,"2":2,"3":2,"4":2,"5":2,"6":2,"7":2,"8":1,"9":2,"10":2,"11":2,"12":2,"13":1,"14":1,"15":1,"16":1},"b":{"1":[2,1,1,1],"2":[1,1,1,1],"3":[1,1],"4":[2,2],"5":[1,1]},"f":{"1":2,"2":2,"3":2},"fnMap":{"1":{"name":"(anonymous_1)","line":12,"loc":{"start":{"line":12,"column":1},"end":{"line":12,"column":13}}},"2":{"name":"(anonymous_2)","line":19,"loc":{"start":{"line":19,"column":5},"end":{"line":19,"column":17}}},"3":{"name":"(anonymous_3)","line":23,"loc":{"start":{"line":23,"column":24},"end":{"line":23,"column":36}}}},"statementMap":{"1":{"start":{"line":12,"column":0},"end":{"line":53,"column":5}},"2":{"start":{"line":14,"column":4},"end":{"line":14,"column":14}},"3":{"start":{"line":19,"column":4},"end":{"line":52,"column":9}},"4":{"start":{"line":21,"column":8},"end":{"line":21,"column":19}},"5":{"start":{"line":23,"column":8},"end":{"line":35,"column":13}},"6":{"start":{"line":24,"column":12},"end":{"line":34,"column":13}},"7":{"start":{"line":25,"column":16},"end":{"line":28,"column":30}},"8":{"start":{"line":30,"column":16},"end":{"line":33,"column":27}},"9":{"start":{"line":37,"column":8},"end":{"line":39,"column":21}},"10":{"start":{"line":41,"column":8},"end":{"line":41,"column":54}},"11":{"start":{"line":43,"column":8},"end":{"line":43,"column":50}},"12":{"start":{"line":45,"column":8},"end":{"line":51,"column":9}},"13":{"start":{"line":46,"column":12},"end":{"line":46,"column":56}},"14":{"start":{"line":48,"column":12},"end":{"line":48,"column":35}},"15":{"start":{"line":49,"column":12},"end":{"line":49,"column":49}},"16":{"start":{"line":50,"column":12},"end":{"line":50,"column":43}}},"branchMap":{"1":{"line":25,"type":"binary-expr","locations":[{"start":{"line":25,"column":23},"end":{"line":25,"column":62}},{"start":{"line":26,"column":20},"end":{"line":26,"column":70}},{"start":{"line":27,"column":20},"end":{"line":27,"column":71}},{"start":{"line":28,"column":20},"end":{"line":28,"column":29}}]},"2":{"line":30,"type":"binary-expr","locations":[{"start":{"line":30,"column":23},"end":{"line":30,"column":37}},{"start":{"line":31,"column":20},"end":{"line":31,"column":61}},{"start":{"line":32,"column":20},"end":{"line":32,"column":70}},{"start":{"line":33,"column":20},"end":{"line":33,"column":26}}]},"3":{"line":37,"type":"cond-expr","locations":[{"start":{"line":38,"column":14},"end":{"line":38,"column":20}},{"start":{"line":39,"column":14},"end":{"line":39,"column":20}}]},"4":{"line":41,"type":"binary-expr","locations":[{"start":{"line":41,"column":16},"end":{"line":41,"column":44}},{"start":{"line":41,"column":48},"end":{"line":41,"column":53}}]},"5":{"line":45,"type":"if","locations":[{"start":{"line":45,"column":8},"end":{"line":45,"column":8}},{"start":{"line":45,"column":8},"end":{"line":45,"column":8}}]}},"code":["/* istanbul instrument in package npmtest_vk_io */","/*jslint","    bitwise: true,","    browser: true,","    maxerr: 8,","    maxlen: 96,","    node: true,","    nomen: true,","    regexp: true,","    stupid: true","*/","(function () {","    'use strict';","    var local;","","","","    // run shared js-env code - init-before","    (function () {","        // init local","        local = {};","        // init modeJs","        local.modeJs = (function () {","            try {","                return typeof navigator.userAgent === 'string' &&","                    typeof document.querySelector('body') === 'object' &&","                    typeof XMLHttpRequest.prototype.open === 'function' &&","                    'browser';","            } catch (errorCaughtBrowser) {","                return module.exports &&","                    typeof process.versions.node === 'string' &&","                    typeof require('http').createServer === 'function' &&","                    'node';","            }","        }());","        // init global","        local.global = local.modeJs === 'browser'","            ? window","            : global;","        // init utility2_rollup","        local = local.global.utility2_rollup || local;","        // init lib","        local.local = local.npmtest_vk_io = local;","        // init exports","        if (local.modeJs === 'browser') {","            local.global.utility2_npmtest_vk_io = local;","        } else {","            module.exports = local;","            module.exports.__dirname = __dirname;","            module.exports.module = module;","        }","    }());","}());",""],"l":{"12":2,"14":2,"19":2,"21":2,"23":2,"24":2,"25":2,"30":1,"37":2,"41":2,"43":2,"45":2,"46":1,"48":1,"49":1,"50":1}},"/home/travis/build/npmtest/node-npmtest-vk-io/example.js":{"path":"/home/travis/build/npmtest/node-npmtest-vk-io/example.js","s":{"1":2,"2":2,"3":2,"4":2,"5":2,"6":2,"7":2,"8":1,"9":2,"10":2,"11":2,"12":2,"13":1,"14":2,"15":2,"16":2,"17":2,"18":2,"19":0,"20":2,"21":1,"22":1,"23":1,"24":1,"25":1,"26":0,"27":0,"28":1,"29":1,"30":2,"31":0,"32":0,"33":0,"34":1,"35":2,"36":2,"37":3,"38":3,"39":3,"40":3,"41":0,"42":3,"43":3,"44":3,"45":1,"46":3,"47":1,"48":1,"49":1,"50":1,"51":1,"52":1,"53":1,"54":1,"55":1,"56":1,"57":0,"58":1,"59":6,"60":6,"61":1,"62":2,"63":0,"64":2,"65":1,"66":1,"67":0,"68":0,"69":0,"70":0,"71":0,"72":0,"73":0,"74":0,"75":0,"76":0,"77":0,"78":0,"79":0,"80":0,"81":0,"82":0,"83":0},"b":{"1":[2,1,1,1],"2":[1,1,1,1],"3":[1,1],"4":[2,2],"5":[1,1],"6":[1,1],"7":[2,0],"8":[2,1,1,1,1,1],"9":[0,2,0],"10":[1,1],"11":[2,1,1],"12":[1,0],"13":[0,2],"14":[2,0,0,0,0,0,0],"15":[0,3],"16":[3,0],"17":[1,1],"18":[0,1],"19":[1,2,0,2],"20":[1,0],"21":[1,1],"22":[0,0],"23":[0,0],"24":[0,0],"25":[0,0],"26":[0,0],"27":[0,0],"28":[0,0]},"f":{"1":2,"2":2,"3":2,"4":2,"5":2,"6":2,"7":3,"8":3,"9":3,"10":1,"11":6,"12":0},"fnMap":{"1":{"name":"(anonymous_1)","line":26,"loc":{"start":{"line":26,"column":1},"end":{"line":26,"column":13}}},"2":{"name":"(anonymous_2)","line":33,"loc":{"start":{"line":33,"column":5},"end":{"line":33,"column":17}}},"3":{"name":"(anonymous_3)","line":37,"loc":{"start":{"line":37,"column":24},"end":{"line":37,"column":36}}},"4":{"name":"(anonymous_4)","line":69,"loc":{"start":{"line":69,"column":31},"end":{"line":69,"column":48}},"skip":true},"5":{"name":"(anonymous_5)","line":78,"loc":{"start":{"line":78,"column":26},"end":{"line":78,"column":45}},"skip":true},"6":{"name":"(anonymous_6)","line":123,"loc":{"start":{"line":123,"column":33},"end":{"line":123,"column":48}},"skip":true},"7":{"name":"(anonymous_7)","line":125,"loc":{"start":{"line":125,"column":27},"end":{"line":125,"column":39}},"skip":true},"8":{"name":"(anonymous_8)","line":133,"loc":{"start":{"line":133,"column":59},"end":{"line":133,"column":74}},"skip":true},"9":{"name":"(anonymous_9)","line":143,"loc":{"start":{"line":143,"column":45},"end":{"line":143,"column":62}},"skip":true},"10":{"name":"(anonymous_10)","line":144,"loc":{"start":{"line":144,"column":73},"end":{"line":144,"column":92}},"skip":true},"11":{"name":"(anonymous_11)","line":272,"loc":{"start":{"line":272,"column":51},"end":{"line":272,"column":77}},"skip":true},"12":{"name":"(anonymous_12)","line":315,"loc":{"start":{"line":315,"column":32},"end":{"line":315,"column":61}},"skip":true}},"statementMap":{"1":{"start":{"line":26,"column":0},"end":{"line":326,"column":5}},"2":{"start":{"line":28,"column":4},"end":{"line":28,"column":14}},"3":{"start":{"line":33,"column":4},"end":{"line":60,"column":9}},"4":{"start":{"line":35,"column":8},"end":{"line":35,"column":19}},"5":{"start":{"line":37,"column":8},"end":{"line":49,"column":13}},"6":{"start":{"line":38,"column":12},"end":{"line":48,"column":13}},"7":{"start":{"line":39,"column":16},"end":{"line":42,"column":30}},"8":{"start":{"line":44,"column":16},"end":{"line":47,"column":27}},"9":{"start":{"line":51,"column":8},"end":{"line":53,"column":21}},"10":{"start":{"line":55,"column":8},"end":{"line":57,"column":45}},"11":{"start":{"line":59,"column":8},"end":{"line":59,"column":35}},"12":{"start":{"line":61,"column":4},"end":{"line":325,"column":5}},"13":{"start":{"line":69,"column":8},"end":{"line":121,"column":10},"skip":true},"14":{"start":{"line":70,"column":12},"end":{"line":88,"column":13},"skip":true},"15":{"start":{"line":76,"column":16},"end":{"line":87,"column":19},"skip":true},"16":{"start":{"line":79,"column":20},"end":{"line":86,"column":21},"skip":true},"17":{"start":{"line":82,"column":24},"end":{"line":82,"column":43},"skip":true},"18":{"start":{"line":83,"column":24},"end":{"line":83,"column":30},"skip":true},"19":{"start":{"line":85,"column":24},"end":{"line":85,"column":49},"skip":true},"20":{"start":{"line":89,"column":12},"end":{"line":107,"column":13},"skip":true},"21":{"start":{"line":92,"column":16},"end":{"line":102,"column":17},"skip":true},"22":{"start":{"line":93,"column":20},"end":{"line":93,"column":86},"skip":true},"23":{"start":{"line":94,"column":20},"end":{"line":95,"column":45},"skip":true},"24":{"start":{"line":96,"column":20},"end":{"line":96,"column":42},"skip":true},"25":{"start":{"line":97,"column":20},"end":{"line":97,"column":48},"skip":true},"26":{"start":{"line":100,"column":20},"end":{"line":100,"column":85},"skip":true},"27":{"start":{"line":101,"column":20},"end":{"line":101,"column":96},"skip":true},"28":{"start":{"line":103,"column":16},"end":{"line":103,"column":22},"skip":true},"29":{"start":{"line":106,"column":16},"end":{"line":106,"column":22},"skip":true},"30":{"start":{"line":108,"column":12},"end":{"line":120,"column":13},"skip":true},"31":{"start":{"line":114,"column":16},"end":{"line":119,"column":17},"skip":true},"32":{"start":{"line":116,"column":20},"end":{"line":116,"column":78},"skip":true},"33":{"start":{"line":118,"column":20},"end":{"line":118,"column":47},"skip":true},"34":{"start":{"line":123,"column":8},"end":{"line":141,"column":11},"skip":true},"35":{"start":{"line":124,"column":12},"end":{"line":124,"column":54},"skip":true},"36":{"start":{"line":125,"column":12},"end":{"line":140,"column":14},"skip":true},"37":{"start":{"line":126,"column":16},"end":{"line":126,"column":28},"skip":true},"38":{"start":{"line":127,"column":16},"end":{"line":127,"column":69},"skip":true},"39":{"start":{"line":128,"column":16},"end":{"line":128,"column":75},"skip":true},"40":{"start":{"line":129,"column":16},"end":{"line":131,"column":17},"skip":true},"41":{"start":{"line":130,"column":20},"end":{"line":130,"column":27},"skip":true},"42":{"start":{"line":133,"column":16},"end":{"line":137,"column":36},"skip":true},"43":{"start":{"line":134,"column":20},"end":{"line":136,"column":55},"skip":true},"44":{"start":{"line":139,"column":16},"end":{"line":139,"column":57},"skip":true},"45":{"start":{"line":143,"column":8},"end":{"line":147,"column":11},"skip":true},"46":{"start":{"line":144,"column":12},"end":{"line":146,"column":15},"skip":true},"47":{"start":{"line":145,"column":16},"end":{"line":145,"column":70},"skip":true},"48":{"start":{"line":149,"column":8},"end":{"line":149,"column":31},"skip":true},"49":{"start":{"line":150,"column":8},"end":{"line":150,"column":14},"skip":true},"50":{"start":{"line":158,"column":8},"end":{"line":158,"column":31},"skip":true},"51":{"start":{"line":160,"column":8},"end":{"line":160,"column":33},"skip":true},"52":{"start":{"line":161,"column":8},"end":{"line":161,"column":37},"skip":true},"53":{"start":{"line":162,"column":8},"end":{"line":162,"column":35},"skip":true},"54":{"start":{"line":164,"column":8},"end":{"line":164,"column":50},"skip":true},"55":{"start":{"line":166,"column":8},"end":{"line":256,"column":2},"skip":true},"56":{"start":{"line":258,"column":8},"end":{"line":286,"column":9},"skip":true},"57":{"start":{"line":259,"column":12},"end":{"line":269,"column":14},"skip":true},"58":{"start":{"line":271,"column":12},"end":{"line":285,"column":19},"skip":true},"59":{"start":{"line":274,"column":20},"end":{"line":274,"column":35},"skip":true},"60":{"start":{"line":275,"column":20},"end":{"line":284,"column":21},"skip":true},"61":{"start":{"line":277,"column":24},"end":{"line":277,"column":64},"skip":true},"62":{"start":{"line":279,"column":24},"end":{"line":279,"column":40},"skip":true},"63":{"start":{"line":281,"column":24},"end":{"line":281,"column":40},"skip":true},"64":{"start":{"line":283,"column":24},"end":{"line":283,"column":39},"skip":true},"65":{"start":{"line":288,"column":8},"end":{"line":290,"column":9},"skip":true},"66":{"start":{"line":289,"column":12},"end":{"line":289,"column":18},"skip":true},"67":{"start":{"line":291,"column":8},"end":{"line":293,"column":54},"skip":true},"68":{"start":{"line":296,"column":8},"end":{"line":301,"column":37},"skip":true},"69":{"start":{"line":303,"column":8},"end":{"line":303,"column":82},"skip":true},"70":{"start":{"line":306,"column":8},"end":{"line":308,"column":9},"skip":true},"71":{"start":{"line":307,"column":12},"end":{"line":307,"column":82},"skip":true},"72":{"start":{"line":310,"column":8},"end":{"line":312,"column":9},"skip":true},"73":{"start":{"line":311,"column":12},"end":{"line":311,"column":18},"skip":true},"74":{"start":{"line":313,"column":8},"end":{"line":313,"column":54},"skip":true},"75":{"start":{"line":314,"column":8},"end":{"line":314,"column":69},"skip":true},"76":{"start":{"line":315,"column":8},"end":{"line":323,"column":36},"skip":true},"77":{"start":{"line":316,"column":12},"end":{"line":316,"column":61},"skip":true},"78":{"start":{"line":317,"column":12},"end":{"line":320,"column":13},"skip":true},"79":{"start":{"line":318,"column":16},"end":{"line":318,"column":75},"skip":true},"80":{"start":{"line":319,"column":16},"end":{"line":319,"column":23},"skip":true},"81":{"start":{"line":321,"column":12},"end":{"line":321,"column":38},"skip":true},"82":{"start":{"line":322,"column":12},"end":{"line":322,"column":27},"skip":true},"83":{"start":{"line":324,"column":8},"end":{"line":324,"column":14},"skip":true}},"branchMap":{"1":{"line":39,"type":"binary-expr","locations":[{"start":{"line":39,"column":23},"end":{"line":39,"column":62}},{"start":{"line":40,"column":20},"end":{"line":40,"column":70}},{"start":{"line":41,"column":20},"end":{"line":41,"column":71}},{"start":{"line":42,"column":20},"end":{"line":42,"column":29}}]},"2":{"line":44,"type":"binary-expr","locations":[{"start":{"line":44,"column":23},"end":{"line":44,"column":37}},{"start":{"line":45,"column":20},"end":{"line":45,"column":61}},{"start":{"line":46,"column":20},"end":{"line":46,"column":70}},{"start":{"line":47,"column":20},"end":{"line":47,"column":26}}]},"3":{"line":51,"type":"cond-expr","locations":[{"start":{"line":52,"column":14},"end":{"line":52,"column":20}},{"start":{"line":53,"column":14},"end":{"line":53,"column":20}}]},"4":{"line":55,"type":"binary-expr","locations":[{"start":{"line":55,"column":16},"end":{"line":55,"column":44}},{"start":{"line":55,"column":49},"end":{"line":57,"column":43}}]},"5":{"line":55,"type":"cond-expr","locations":[{"start":{"line":56,"column":14},"end":{"line":56,"column":49}},{"start":{"line":57,"column":14},"end":{"line":57,"column":43}}]},"6":{"line":61,"type":"switch","locations":[{"start":{"line":68,"column":4},"end":{"line":150,"column":14},"skip":true},{"start":{"line":156,"column":4},"end":{"line":324,"column":14},"skip":true}]},"7":{"line":70,"type":"if","locations":[{"start":{"line":70,"column":12},"end":{"line":70,"column":12},"skip":true},{"start":{"line":70,"column":12},"end":{"line":70,"column":12},"skip":true}]},"8":{"line":70,"type":"binary-expr","locations":[{"start":{"line":70,"column":16},"end":{"line":70,"column":22},"skip":true},{"start":{"line":70,"column":27},"end":{"line":70,"column":32},"skip":true},{"start":{"line":71,"column":20},"end":{"line":71,"column":39},"skip":true},{"start":{"line":72,"column":20},"end":{"line":72,"column":49},"skip":true},{"start":{"line":73,"column":20},"end":{"line":73,"column":58},"skip":true},{"start":{"line":74,"column":20},"end":{"line":74,"column":69},"skip":true}]},"9":{"line":79,"type":"switch","locations":[{"start":{"line":80,"column":20},"end":{"line":80,"column":33},"skip":true},{"start":{"line":81,"column":20},"end":{"line":83,"column":30},"skip":true},{"start":{"line":84,"column":20},"end":{"line":85,"column":49},"skip":true}]},"10":{"line":89,"type":"switch","locations":[{"start":{"line":90,"column":12},"end":{"line":103,"column":22},"skip":true},{"start":{"line":105,"column":12},"end":{"line":106,"column":22},"skip":true}]},"11":{"line":89,"type":"binary-expr","locations":[{"start":{"line":89,"column":20},"end":{"line":89,"column":25},"skip":true},{"start":{"line":89,"column":29},"end":{"line":89,"column":48},"skip":true},{"start":{"line":89,"column":52},"end":{"line":89,"column":74},"skip":true}]},"12":{"line":92,"type":"if","locations":[{"start":{"line":92,"column":16},"end":{"line":92,"column":16},"skip":true},{"start":{"line":92,"column":16},"end":{"line":92,"column":16},"skip":true}]},"13":{"line":108,"type":"if","locations":[{"start":{"line":108,"column":12},"end":{"line":108,"column":12},"skip":true},{"start":{"line":108,"column":12},"end":{"line":108,"column":12},"skip":true}]},"14":{"line":108,"type":"binary-expr","locations":[{"start":{"line":108,"column":16},"end":{"line":108,"column":61},"skip":true},{"start":{"line":108,"column":66},"end":{"line":108,"column":72},"skip":true},{"start":{"line":108,"column":77},"end":{"line":108,"column":82},"skip":true},{"start":{"line":109,"column":20},"end":{"line":109,"column":39},"skip":true},{"start":{"line":110,"column":20},"end":{"line":110,"column":49},"skip":true},{"start":{"line":111,"column":20},"end":{"line":111,"column":58},"skip":true},{"start":{"line":112,"column":20},"end":{"line":112,"column":68},"skip":true}]},"15":{"line":129,"type":"if","locations":[{"start":{"line":129,"column":16},"end":{"line":129,"column":16},"skip":true},{"start":{"line":129,"column":16},"end":{"line":129,"column":16},"skip":true}]},"16":{"line":134,"type":"cond-expr","locations":[{"start":{"line":135,"column":26},"end":{"line":135,"column":29},"skip":true},{"start":{"line":136,"column":26},"end":{"line":136,"column":54},"skip":true}]},"17":{"line":164,"type":"binary-expr","locations":[{"start":{"line":164,"column":27},"end":{"line":164,"column":43},"skip":true},{"start":{"line":164,"column":47},"end":{"line":164,"column":49},"skip":true}]},"18":{"line":258,"type":"if","locations":[{"start":{"line":258,"column":8},"end":{"line":258,"column":8},"skip":true},{"start":{"line":258,"column":8},"end":{"line":258,"column":8},"skip":true}]},"19":{"line":275,"type":"switch","locations":[{"start":{"line":276,"column":20},"end":{"line":277,"column":64},"skip":true},{"start":{"line":278,"column":20},"end":{"line":279,"column":40},"skip":true},{"start":{"line":280,"column":20},"end":{"line":281,"column":40},"skip":true},{"start":{"line":282,"column":20},"end":{"line":283,"column":39},"skip":true}]},"20":{"line":288,"type":"if","locations":[{"start":{"line":288,"column":8},"end":{"line":288,"column":8},"skip":true},{"start":{"line":288,"column":8},"end":{"line":288,"column":8},"skip":true}]},"21":{"line":288,"type":"binary-expr","locations":[{"start":{"line":288,"column":12},"end":{"line":288,"column":40},"skip":true},{"start":{"line":288,"column":44},"end":{"line":288,"column":67},"skip":true}]},"22":{"line":292,"type":"binary-expr","locations":[{"start":{"line":292,"column":12},"end":{"line":292,"column":50},"skip":true},{"start":{"line":293,"column":12},"end":{"line":293,"column":53},"skip":true}]},"23":{"line":297,"type":"binary-expr","locations":[{"start":{"line":297,"column":12},"end":{"line":297,"column":63},"skip":true},{"start":{"line":298,"column":12},"end":{"line":301,"column":36},"skip":true}]},"24":{"line":303,"type":"binary-expr","locations":[{"start":{"line":303,"column":43},"end":{"line":303,"column":75},"skip":true},{"start":{"line":303,"column":79},"end":{"line":303,"column":81},"skip":true}]},"25":{"line":306,"type":"if","locations":[{"start":{"line":306,"column":8},"end":{"line":306,"column":8},"skip":true},{"start":{"line":306,"column":8},"end":{"line":306,"column":8},"skip":true}]},"26":{"line":310,"type":"if","locations":[{"start":{"line":310,"column":8},"end":{"line":310,"column":8},"skip":true},{"start":{"line":310,"column":8},"end":{"line":310,"column":8},"skip":true}]},"27":{"line":313,"type":"binary-expr","locations":[{"start":{"line":313,"column":27},"end":{"line":313,"column":43},"skip":true},{"start":{"line":313,"column":47},"end":{"line":313,"column":53},"skip":true}]},"28":{"line":317,"type":"if","locations":[{"start":{"line":317,"column":12},"end":{"line":317,"column":12},"skip":true},{"start":{"line":317,"column":12},"end":{"line":317,"column":12},"skip":true}]}},"code":["/*","example.js","","quickstart example","","instruction","    1. save this script as example.js","    2. run the shell command:","        $ npm install npmtest-vk-io && PORT=8081 node example.js","    3. play with the browser-demo on http://127.0.0.1:8081","*/","","","","/* istanbul instrument in package npmtest_vk_io */","/*jslint","    bitwise: true,","    browser: true,","    maxerr: 8,","    maxlen: 96,","    node: true,","    nomen: true,","    regexp: true,","    stupid: true","*/","(function () {","    'use strict';","    var local;","","","","    // run shared js-env code - init-before","    (function () {","        // init local","        local = {};","        // init modeJs","        local.modeJs = (function () {","            try {","                return typeof navigator.userAgent === 'string' &&","                    typeof document.querySelector('body') === 'object' &&","                    typeof XMLHttpRequest.prototype.open === 'function' &&","                    'browser';","            } catch (errorCaughtBrowser) {","                return module.exports &&","                    typeof process.versions.node === 'string' &&","                    typeof require('http').createServer === 'function' &&","                    'node';","            }","        }());","        // init global","        local.global = local.modeJs === 'browser'","            ? window","            : global;","        // init utility2_rollup","        local = local.global.utility2_rollup || (local.modeJs === 'browser'","            ? local.global.utility2_npmtest_vk_io","            : global.utility2_moduleExports);","        // export local","        local.global.local = local;","    }());","    switch (local.modeJs) {","","","","    // init-after","    // run browser js-env code - init-after","    /* istanbul ignore next */","    case 'browser':","        local.testRunBrowser = function (event) {","            if (!event || (event &&","                    event.currentTarget &&","                    event.currentTarget.className &&","                    event.currentTarget.className.includes &&","                    event.currentTarget.className.includes('onreset'))) {","                // reset output","                Array.from(","                    document.querySelectorAll('body > .resettable')","                ).forEach(function (element) {","                    switch (element.tagName) {","                    case 'INPUT':","                    case 'TEXTAREA':","                        element.value = '';","                        break;","                    default:","                        element.textContent = '';","                    }","                });","            }","            switch (event && event.currentTarget && event.currentTarget.id) {","            case 'testRunButton1':","                // show tests","                if (document.querySelector('#testReportDiv1').style.display === 'none') {","                    document.querySelector('#testReportDiv1').style.display = 'block';","                    document.querySelector('#testRunButton1').textContent =","                        'hide internal test';","                    local.modeTest = true;","                    local.testRunDefault(local);","                // hide tests","                } else {","                    document.querySelector('#testReportDiv1').style.display = 'none';","                    document.querySelector('#testRunButton1').textContent = 'run internal test';","                }","                break;","            // custom-case","            default:","                break;","            }","            if (document.querySelector('#inputTextareaEval1') && (!event || (event &&","                    event.currentTarget &&","                    event.currentTarget.className &&","                    event.currentTarget.className.includes &&","                    event.currentTarget.className.includes('oneval')))) {","                // try to eval input-code","                try {","                    /*jslint evil: true*/","                    eval(document.querySelector('#inputTextareaEval1').value);","                } catch (errorCaught) {","                    console.error(errorCaught);","                }","            }","        };","        // log stderr and stdout to #outputTextareaStdout1","        ['error', 'log'].forEach(function (key) {","            console[key + '_original'] = console[key];","            console[key] = function () {","                var element;","                console[key + '_original'].apply(console, arguments);","                element = document.querySelector('#outputTextareaStdout1');","                if (!element) {","                    return;","                }","                // append text to #outputTextareaStdout1","                element.value += Array.from(arguments).map(function (arg) {","                    return typeof arg === 'string'","                        ? arg","                        : JSON.stringify(arg, null, 4);","                }).join(' ') + '\\n';","                // scroll textarea to bottom","                element.scrollTop = element.scrollHeight;","            };","        });","        // init event-handling","        ['change', 'click', 'keyup'].forEach(function (event) {","            Array.from(document.querySelectorAll('.on' + event)).forEach(function (element) {","                element.addEventListener(event, local.testRunBrowser);","            });","        });","        // run tests","        local.testRunBrowser();","        break;","","","","    // run node js-env code - init-after","    /* istanbul ignore next */","    case 'node':","        // export local","        module.exports = local;","        // require modules","        local.fs = require('fs');","        local.http = require('http');","        local.url = require('url');","        // init assets","        local.assetsDict = local.assetsDict || {};","        /* jslint-ignore-begin */","        local.assetsDict['/assets.index.template.html'] = '\\","<!doctype html>\\n\\","<html lang=\"en\">\\n\\","<head>\\n\\","<meta charset=\"UTF-8\">\\n\\","<meta name=\"viewport\" content=\"width=device-width, initial-scale=1\">\\n\\","<title>{{env.npm_package_name}} (v{{env.npm_package_version}})</title>\\n\\","<style>\\n\\","/*csslint\\n\\","    box-sizing: false,\\n\\","    universal-selector: false\\n\\","*/\\n\\","* {\\n\\","    box-sizing: border-box;\\n\\","}\\n\\","body {\\n\\","    background: #dde;\\n\\","    font-family: Arial, Helvetica, sans-serif;\\n\\","    margin: 2rem;\\n\\","}\\n\\","body > * {\\n\\","    margin-bottom: 1rem;\\n\\","}\\n\\",".utility2FooterDiv {\\n\\","    margin-top: 20px;\\n\\","    text-align: center;\\n\\","}\\n\\","</style>\\n\\","<style>\\n\\","/*csslint\\n\\","*/\\n\\","textarea {\\n\\","    font-family: monospace;\\n\\","    height: 10rem;\\n\\","    width: 100%;\\n\\","}\\n\\","textarea[readonly] {\\n\\","    background: #ddd;\\n\\","}\\n\\","</style>\\n\\","</head>\\n\\","<body>\\n\\","<!-- utility2-comment\\n\\","<div id=\"ajaxProgressDiv1\" style=\"background: #d00; height: 2px; left: 0; margin: 0; padding: 0; position: fixed; top: 0; transition: background 0.5s, width 1.5s; width: 25%;\"></div>\\n\\","utility2-comment -->\\n\\","<h1>\\n\\","<!-- utility2-comment\\n\\","    <a\\n\\","        {{#if env.npm_package_homepage}}\\n\\","        href=\"{{env.npm_package_homepage}}\"\\n\\","        {{/if env.npm_package_homepage}}\\n\\","        target=\"_blank\"\\n\\","    >\\n\\","utility2-comment -->\\n\\","        {{env.npm_package_name}} (v{{env.npm_package_version}})\\n\\","<!-- utility2-comment\\n\\","    </a>\\n\\","utility2-comment -->\\n\\","</h1>\\n\\","<h3>{{env.npm_package_description}}</h3>\\n\\","<!-- utility2-comment\\n\\","<h4><a download href=\"assets.app.js\">download standalone app</a></h4>\\n\\","<button class=\"onclick onreset\" id=\"testRunButton1\">run internal test</button><br>\\n\\","<div id=\"testReportDiv1\" style=\"display: none;\"></div>\\n\\","utility2-comment -->\\n\\","\\n\\","\\n\\","\\n\\","<label>stderr and stdout</label>\\n\\","<textarea class=\"resettable\" id=\"outputTextareaStdout1\" readonly></textarea>\\n\\","<!-- utility2-comment\\n\\","{{#if isRollup}}\\n\\","<script src=\"assets.app.js\"></script>\\n\\","{{#unless isRollup}}\\n\\","utility2-comment -->\\n\\","<script src=\"assets.utility2.rollup.js\"></script>\\n\\","<script src=\"jsonp.utility2._stateInit?callback=window.utility2._stateInit\"></script>\\n\\","<script src=\"assets.npmtest_vk_io.rollup.js\"></script>\\n\\","<script src=\"assets.example.js\"></script>\\n\\","<script src=\"assets.test.js\"></script>\\n\\","<!-- utility2-comment\\n\\","{{/if isRollup}}\\n\\","utility2-comment -->\\n\\","<div class=\"utility2FooterDiv\">\\n\\","    [ this app was created with\\n\\","    <a href=\"https://github.com/kaizhu256/node-utility2\" target=\"_blank\">utility2</a>\\n\\","    ]\\n\\","</div>\\n\\","</body>\\n\\","</html>\\n\\","';","        /* jslint-ignore-end */","        if (local.templateRender) {","            local.assetsDict['/'] = local.templateRender(","                local.assetsDict['/assets.index.template.html'],","                {","                    env: local.objectSetDefault(local.env, {","                        npm_package_description: 'the greatest app in the world!',","                        npm_package_name: 'my-app',","                        npm_package_nameAlias: 'my_app',","                        npm_package_version: '0.0.1'","                    })","                }","            );","        } else {","            local.assetsDict['/'] = local.assetsDict['/assets.index.template.html']","                .replace((/\\{\\{env\\.(\\w+?)\\}\\}/g), function (match0, match1) {","                    // jslint-hack","                    String(match0);","                    switch (match1) {","                    case 'npm_package_description':","                        return 'the greatest app in the world!';","                    case 'npm_package_name':","                        return 'my-app';","                    case 'npm_package_nameAlias':","                        return 'my_app';","                    case 'npm_package_version':","                        return '0.0.1';","                    }","                });","        }","        // run the cli","        if (local.global.utility2_rollup || module !== require.main) {","            break;","        }","        local.assetsDict['/assets.example.js'] =","            local.assetsDict['/assets.example.js'] ||","            local.fs.readFileSync(__filename, 'utf8');","        // bug-workaround - long $npm_package_buildCustomOrg","        /* jslint-ignore-begin */","        local.assetsDict['/assets.npmtest_vk_io.rollup.js'] =","            local.assetsDict['/assets.npmtest_vk_io.rollup.js'] ||","            local.fs.readFileSync(","                local.npmtest_vk_io.__dirname + '/lib.npmtest_vk_io.js',","                'utf8'","            ).replace((/^#!/), '//');","        /* jslint-ignore-end */","        local.assetsDict['/favicon.ico'] = local.assetsDict['/favicon.ico'] || '';","        // if $npm_config_timeout_exit exists,","        // then exit this process after $npm_config_timeout_exit ms","        if (Number(process.env.npm_config_timeout_exit)) {","            setTimeout(process.exit, Number(process.env.npm_config_timeout_exit));","        }","        // start server","        if (local.global.utility2_serverHttp1) {","            break;","        }","        process.env.PORT = process.env.PORT || '8081';","        console.error('server starting on port ' + process.env.PORT);","        local.http.createServer(function (request, response) {","            request.urlParsed = local.url.parse(request.url);","            if (local.assetsDict[request.urlParsed.pathname] !== undefined) {","                response.end(local.assetsDict[request.urlParsed.pathname]);","                return;","            }","            response.statusCode = 404;","            response.end();","        }).listen(process.env.PORT);","        break;","    }","}());",""],"l":{"26":2,"28":2,"33":2,"35":2,"37":2,"38":2,"39":2,"44":1,"51":2,"55":2,"59":2,"61":2,"69":1,"70":2,"76":2,"79":2,"82":2,"83":2,"85":1,"89":2,"92":1,"93":1,"94":1,"96":1,"97":1,"100":1,"101":1,"103":1,"106":1,"108":2,"114":1,"116":1,"118":1,"123":1,"124":2,"125":2,"126":3,"127":3,"128":3,"129":3,"130":1,"133":3,"134":3,"139":3,"143":1,"144":3,"145":1,"149":1,"150":1,"158":1,"160":1,"161":1,"162":1,"164":1,"166":1,"258":1,"259":1,"271":1,"274":6,"275":6,"277":1,"279":2,"281":1,"283":2,"288":1,"289":1,"291":1,"296":1,"303":1,"306":1,"307":1,"310":1,"311":1,"313":1,"314":1,"315":1,"316":1,"317":1,"318":1,"319":1,"321":1,"322":1,"324":1}},"/home/travis/build/npmtest/node-npmtest-vk-io/node_modules/vk-io/index.js":{"path":"/home/travis/build/npmtest/node-npmtest-vk-io/node_modules/vk-io/index.js","s":{"1":2,"2":2,"3":0,"4":0,"5":0,"6":0,"7":0,"8":0,"9":0,"10":0,"11":0,"12":0,"13":0,"14":0,"15":0,"16":0,"17":0,"18":0,"19":0,"20":0,"21":0,"22":0,"23":0,"24":0,"25":0,"26":0,"27":0,"28":0,"29":0,"30":0,"31":0,"32":0,"33":0,"34":0,"35":0,"36":0,"37":0,"38":0,"39":0,"40":0,"41":0,"42":0,"43":0,"44":0,"45":0,"46":0,"47":0,"48":0,"49":0,"50":0,"51":0,"52":0,"53":0,"54":0,"55":0,"56":0,"57":0,"58":0,"59":0,"60":0,"61":0,"62":0,"63":0,"64":0,"65":0,"66":0,"67":0,"68":0,"69":0,"70":0,"71":0,"72":0,"73":0,"74":0,"75":0,"76":0,"77":0},"b":{"1":[0,0],"2":[0,0],"3":[0,0],"4":[0,0],"5":[0,0],"6":[0,0],"7":[0,0]},"f":{"1":0,"2":0,"3":0,"4":0,"5":0,"6":0,"7":0,"8":0,"9":0,"10":0,"11":0,"12":0,"13":0,"14":0,"15":0,"16":0,"17":0,"18":0,"19":0,"20":0,"21":0,"22":0,"23":0,"24":0,"25":0},"fnMap":{"1":{"name":"(anonymous_1)","line":38,"loc":{"start":{"line":38,"column":13},"end":{"line":38,"column":28}}},"2":{"name":"(anonymous_2)","line":61,"loc":{"start":{"line":61,"column":17},"end":{"line":61,"column":20}}},"3":{"name":"(anonymous_3)","line":72,"loc":{"start":{"line":72,"column":10},"end":{"line":72,"column":18}}},"4":{"name":"(anonymous_4)","line":85,"loc":{"start":{"line":85,"column":12},"end":{"line":85,"column":22}}},"5":{"name":"(anonymous_5)","line":101,"loc":{"start":{"line":101,"column":19},"end":{"line":101,"column":29}}},"6":{"name":"(anonymous_6)","line":112,"loc":{"start":{"line":112,"column":7},"end":{"line":112,"column":10}}},"7":{"name":"(anonymous_7)","line":124,"loc":{"start":{"line":124,"column":11},"end":{"line":124,"column":26}}},"8":{"name":"(anonymous_8)","line":136,"loc":{"start":{"line":136,"column":10},"end":{"line":136,"column":27}}},"9":{"name":"(anonymous_9)","line":147,"loc":{"start":{"line":147,"column":11},"end":{"line":147,"column":17}}},"10":{"name":"(anonymous_10)","line":156,"loc":{"start":{"line":156,"column":10},"end":{"line":156,"column":13}}},"11":{"name":"(anonymous_11)","line":168,"loc":{"start":{"line":168,"column":15},"end":{"line":168,"column":35}}},"12":{"name":"(anonymous_12)","line":185,"loc":{"start":{"line":185,"column":15},"end":{"line":185,"column":23}}},"13":{"name":"(anonymous_13)","line":196,"loc":{"start":{"line":196,"column":16},"end":{"line":196,"column":24}}},"14":{"name":"(anonymous_14)","line":207,"loc":{"start":{"line":207,"column":15},"end":{"line":207,"column":23}}},"15":{"name":"(anonymous_15)","line":218,"loc":{"start":{"line":218,"column":19},"end":{"line":218,"column":29}}},"16":{"name":"(anonymous_16)","line":250,"loc":{"start":{"line":250,"column":9},"end":{"line":250,"column":20}}},"17":{"name":"(anonymous_17)","line":256,"loc":{"start":{"line":256,"column":10},"end":{"line":256,"column":19}}},"18":{"name":"(anonymous_18)","line":262,"loc":{"start":{"line":262,"column":16},"end":{"line":262,"column":19}}},"19":{"name":"(anonymous_19)","line":268,"loc":{"start":{"line":268,"column":9},"end":{"line":268,"column":12}}},"20":{"name":"(anonymous_20)","line":274,"loc":{"start":{"line":274,"column":13},"end":{"line":274,"column":16}}},"21":{"name":"(anonymous_21)","line":280,"loc":{"start":{"line":280,"column":13},"end":{"line":280,"column":16}}},"22":{"name":"(anonymous_22)","line":286,"loc":{"start":{"line":286,"column":18},"end":{"line":286,"column":21}}},"23":{"name":"(anonymous_23)","line":292,"loc":{"start":{"line":292,"column":12},"end":{"line":292,"column":15}}},"24":{"name":"(anonymous_24)","line":298,"loc":{"start":{"line":298,"column":10},"end":{"line":298,"column":13}}},"25":{"name":"(anonymous_25)","line":304,"loc":{"start":{"line":304,"column":12},"end":{"line":304,"column":15}}}},"statementMap":{"1":{"start":{"line":3,"column":0},"end":{"line":3,"column":36}},"2":{"start":{"line":4,"column":0},"end":{"line":4,"column":43}},"3":{"start":{"line":5,"column":0},"end":{"line":5,"column":45}},"4":{"start":{"line":7,"column":0},"end":{"line":7,"column":35}},"5":{"start":{"line":8,"column":0},"end":{"line":8,"column":37}},"6":{"start":{"line":9,"column":0},"end":{"line":9,"column":41}},"7":{"start":{"line":10,"column":0},"end":{"line":10,"column":41}},"8":{"start":{"line":11,"column":0},"end":{"line":11,"column":45}},"9":{"start":{"line":12,"column":0},"end":{"line":12,"column":45}},"10":{"start":{"line":14,"column":0},"end":{"line":14,"column":45}},"11":{"start":{"line":15,"column":0},"end":{"line":19,"column":32}},"12":{"start":{"line":20,"column":0},"end":{"line":25,"column":38}},"13":{"start":{"line":39,"column":2},"end":{"line":39,"column":55}},"14":{"start":{"line":40,"column":2},"end":{"line":43,"column":5}},"15":{"start":{"line":45,"column":2},"end":{"line":45,"column":27}},"16":{"start":{"line":46,"column":2},"end":{"line":46,"column":29}},"17":{"start":{"line":47,"column":2},"end":{"line":47,"column":33}},"18":{"start":{"line":48,"column":2},"end":{"line":48,"column":35}},"19":{"start":{"line":49,"column":2},"end":{"line":49,"column":37}},"20":{"start":{"line":51,"column":2},"end":{"line":51,"column":30}},"21":{"start":{"line":53,"column":2},"end":{"line":53,"column":27}},"22":{"start":{"line":62,"column":2},"end":{"line":62,"column":21}},"23":{"start":{"line":73,"column":2},"end":{"line":73,"column":29}},"24":{"start":{"line":75,"column":2},"end":{"line":75,"column":14}},"25":{"start":{"line":86,"column":2},"end":{"line":89,"column":4}},"26":{"start":{"line":91,"column":2},"end":{"line":91,"column":14}},"27":{"start":{"line":102,"column":2},"end":{"line":102,"column":33}},"28":{"start":{"line":104,"column":2},"end":{"line":104,"column":14}},"29":{"start":{"line":113,"column":2},"end":{"line":113,"column":25}},"30":{"start":{"line":125,"column":2},"end":{"line":125,"column":50}},"31":{"start":{"line":137,"column":2},"end":{"line":137,"column":46}},"32":{"start":{"line":148,"column":2},"end":{"line":148,"column":34}},"33":{"start":{"line":157,"column":2},"end":{"line":157,"column":28}},"34":{"start":{"line":169,"column":2},"end":{"line":169,"column":28}},"35":{"start":{"line":171,"column":2},"end":{"line":173,"column":3}},"36":{"start":{"line":172,"column":3},"end":{"line":172,"column":43}},"37":{"start":{"line":175,"column":2},"end":{"line":175,"column":74}},"38":{"start":{"line":175,"column":41},"end":{"line":175,"column":72}},"39":{"start":{"line":186,"column":2},"end":{"line":186,"column":30}},"40":{"start":{"line":197,"column":2},"end":{"line":197,"column":31}},"41":{"start":{"line":208,"column":2},"end":{"line":208,"column":30}},"42":{"start":{"line":219,"column":2},"end":{"line":219,"column":39}},"43":{"start":{"line":221,"column":2},"end":{"line":223,"column":3}},"44":{"start":{"line":222,"column":3},"end":{"line":222,"column":28}},"45":{"start":{"line":225,"column":2},"end":{"line":231,"column":3}},"46":{"start":{"line":226,"column":3},"end":{"line":230,"column":4}},"47":{"start":{"line":227,"column":4},"end":{"line":227,"column":44}},"48":{"start":{"line":228,"column":10},"end":{"line":230,"column":4}},"49":{"start":{"line":229,"column":4},"end":{"line":229,"column":40}},"50":{"start":{"line":233,"column":2},"end":{"line":243,"column":3}},"51":{"start":{"line":234,"column":3},"end":{"line":234,"column":29}},"52":{"start":{"line":235,"column":3},"end":{"line":235,"column":24}},"53":{"start":{"line":238,"column":3},"end":{"line":240,"column":4}},"54":{"start":{"line":239,"column":4},"end":{"line":239,"column":30}},"55":{"start":{"line":242,"column":3},"end":{"line":242,"column":51}},"56":{"start":{"line":245,"column":2},"end":{"line":245,"column":17}},"57":{"start":{"line":251,"column":2},"end":{"line":251,"column":52}},"58":{"start":{"line":253,"column":2},"end":{"line":253,"column":35}},"59":{"start":{"line":257,"column":2},"end":{"line":257,"column":55}},"60":{"start":{"line":259,"column":2},"end":{"line":259,"column":35}},"61":{"start":{"line":263,"column":2},"end":{"line":263,"column":64}},"62":{"start":{"line":265,"column":2},"end":{"line":265,"column":32}},"63":{"start":{"line":269,"column":2},"end":{"line":269,"column":53}},"64":{"start":{"line":271,"column":2},"end":{"line":271,"column":28}},"65":{"start":{"line":275,"column":2},"end":{"line":275,"column":58}},"66":{"start":{"line":277,"column":2},"end":{"line":277,"column":29}},"67":{"start":{"line":281,"column":2},"end":{"line":281,"column":58}},"68":{"start":{"line":283,"column":2},"end":{"line":283,"column":29}},"69":{"start":{"line":287,"column":2},"end":{"line":287,"column":68}},"70":{"start":{"line":289,"column":2},"end":{"line":289,"column":34}},"71":{"start":{"line":293,"column":2},"end":{"line":293,"column":56}},"72":{"start":{"line":295,"column":2},"end":{"line":295,"column":28}},"73":{"start":{"line":299,"column":2},"end":{"line":299,"column":52}},"74":{"start":{"line":301,"column":2},"end":{"line":301,"column":26}},"75":{"start":{"line":305,"column":2},"end":{"line":305,"column":48}},"76":{"start":{"line":307,"column":2},"end":{"line":307,"column":22}},"77":{"start":{"line":311,"column":0},"end":{"line":311,"column":20}}},"branchMap":{"1":{"line":171,"type":"if","locations":[{"start":{"line":171,"column":2},"end":{"line":171,"column":2}},{"start":{"line":171,"column":2},"end":{"line":171,"column":2}}]},"2":{"line":221,"type":"if","locations":[{"start":{"line":221,"column":2},"end":{"line":221,"column":2}},{"start":{"line":221,"column":2},"end":{"line":221,"column":2}}]},"3":{"line":225,"type":"if","locations":[{"start":{"line":225,"column":2},"end":{"line":225,"column":2}},{"start":{"line":225,"column":2},"end":{"line":225,"column":2}}]},"4":{"line":226,"type":"if","locations":[{"start":{"line":226,"column":3},"end":{"line":226,"column":3}},{"start":{"line":226,"column":3},"end":{"line":226,"column":3}}]},"5":{"line":228,"type":"if","locations":[{"start":{"line":228,"column":10},"end":{"line":228,"column":10}},{"start":{"line":228,"column":10},"end":{"line":228,"column":10}}]},"6":{"line":233,"type":"if","locations":[{"start":{"line":233,"column":2},"end":{"line":233,"column":2}},{"start":{"line":233,"column":2},"end":{"line":233,"column":2}}]},"7":{"line":238,"type":"if","locations":[{"start":{"line":238,"column":3},"end":{"line":238,"column":3}},{"start":{"line":238,"column":3},"end":{"line":238,"column":3}}]}},"code":["'use strict';","","const Promise = require('bluebird');","const request = require('request-promise');","const debug = require('debug')('vk-io:main');","","const Api = require('./api/index');","const Auth = require('./auth/index');","const Chain = require('./execute/chain');","const Upload = require('./upload/index');","const Collect = require('./execute/collect');","const Longpoll = require('./longpoll/index');","","const parseLink = require('./snippets/link');","const {","\tdefaultMainOptions,","\tMAX_SCOPE,","\tAPI_VERSION","} = require('./util/constants');","const {","\tgetAttachment,","\tgetSmallPhoto,","\tgetMediumPhoto,","\tgetLargePhoto","} = require('./snippets/attachments');","","/**"," * Класс обёртки ВКонтакте"," *"," * @public"," */","class VK {","\t/**","\t * Конструктор","\t *","\t * @param {MainOptions} options","\t */","\tconstructor (options = {}) {","\t\tthis.options = Object.assign({}, defaultMainOptions);","\t\tthis.request = request.defaults({","\t\t\tmethod: 'POST',","\t\t\tjson: true","\t\t});","","\t\tthis.api = new Api(this);","\t\tthis.auth = new Auth(this);","\t\tthis.upload = new Upload(this);","\t\tthis.collect = new Collect(this);","\t\tthis.longpoll = new Longpoll(this);","","\t\tthis._captchaHandler = null;","","\t\tthis.setOptions(options);","\t}","","\t/**","\t * Возвращает текущую версию API","\t *","\t * @return {string}","\t */","\tget API_VERSION () {","\t\treturn API_VERSION;","\t}","","\t/**","\t * Устанавливает токен","\t *","\t * @param {string} token","\t *","\t * @return {this}","\t */","\tsetToken (token) {","\t\tthis.options.token = token;","","\t\treturn this;","\t}","","\t/**","\t * Устанавливает опции","\t *","\t * @param {Object} options","\t *","\t * @return {this}","\t */","\tsetOptions (options) {","\t\tObject.assign(","\t\t\tthis.options,","\t\t\tthis._transformOptions(options)","\t\t);","","\t\treturn this;","\t}","","\t/**","\t * Устанавливает обработчик капчи","\t *","\t * @param {?function} handler","\t *","\t * @return {this}","\t */","\tsetCaptchaHandler (handler) {","\t\tthis._captchaHandler = handler;","","\t\treturn this;","\t}","","\t/**","\t * Возвращает класс для работы с цепочками методов","\t *","\t * @return {Chain}","\t */","\tchain () {","\t\treturn new Chain(this);","\t}","","\t/**","\t * Вызов хранимой процедуры","\t *","\t * @param {string} name","\t * @param {Object} params","\t *","\t * @return {Promise}","\t */","\tprocedure (name, params) {","\t\treturn this.api.call(`execute.${name}`, params);","\t}","","\t/**","\t * Упрощённый вызов целой цепочки метода","\t *","\t * @param {string} method","\t * @param {Array}  queues","\t *","\t * @return {Promise}","\t */","\texecutes (method, queues) {","\t\treturn Chain.executes(this, method, queues);","\t}","","\t/**","\t * Разбирает ссылку ВКонтакте","\t *","\t * @param {string} uri","\t *","\t * @return {Promise}","\t */","\tparseLink (uri) {","\t\treturn parseLink(this.api, uri);","\t}","","\t/**","\t * Возвращает токен","\t *","\t * @return {?string}","\t */","\tgetToken () {","\t\treturn this.options.token;","\t}","","\t/**","\t * Собирает прикрипление из переданных значений","\t *","\t * @param {string} type","\t * @param {mixed}  attachments","\t *","\t * @return {mixed}","\t */","\tgetAttachment (type, attachments) {","\t\ttype = type.toLowerCase();","","\t\tif (!Array.isArray(attachments)) {","\t\t\treturn getAttachment(type, attachments);","\t\t}","","\t\treturn attachments.map((attachment) => getAttachment(type, attachment));","\t}","","\t/**","\t * Возвращает ссылку на маленькую фотографию","\t *","\t * @param {Object} photo","\t *","\t * @return {string}","\t */","\tgetSmallPhoto (photo) {","\t\treturn getSmallPhoto(photo);","\t}","","\t/**","\t * Возвращает ссылку на среднюю фотографию","\t *","\t * @param {Object} photo","\t *","\t * @return {string}","\t */","\tgetMediumPhoto (photo) {","\t\treturn getMediumPhoto(photo);","\t}","","\t/**","\t * Возвращает ссылку на большую фотографию","\t *","\t * @param {Object} photo","\t *","\t * @return {string}","\t */","\tgetLargePhoto (photo) {","\t\treturn getLargePhoto(photo);","\t}","","\t/**","\t * Разбирает опции","\t *","\t * @param {Object} options","\t *","\t * @return {Object}","\t */","\t_transformOptions (options) {","\t\toptions = Object.assign({}, options);","","\t\tif ('id' in options) {","\t\t\toptions.id = +options.id;","\t\t}","","\t\tif ('scope' in options) {","\t\t\tif (Array.isArray(options.scope)) {","\t\t\t\toptions.scope = options.scope.join(',');","\t\t\t} else if (options.scope === 'all') {","\t\t\t\toptions.scope = MAX_SCOPE.join(',');","\t\t\t}","\t\t}","","\t\tif ('proxy' in options) {","\t\t\tlet proxy = options.proxy;","\t\t\tdelete options.proxy;","","\t\t\t/* На случай лайфхака :/ */","\t\t\tif (!proxy.startsWith('http')) {","\t\t\t\tproxy = 'http://' + proxy;","\t\t\t}","","\t\t\tthis.request = this.request.defaults({ proxy });","\t\t}","","\t\treturn options;","\t}","","\t/** Дальше устаревшее */","","\tsetting (settings) {","\t\tdebug('vk.setting deprecated, use vk.setOptions');","","\t\treturn this.setOptions(settings);","\t}","","\tisMethod (method) {","\t\tdebug('vk.isMethod deprecated, use vk.api.isMethod');","","\t\treturn this.api.isMethod(method);","\t}","","\tstandaloneAuth () {","\t\tdebug('vk.standaloneAuth deprecated, use vk.auth.standalone');","","\t\treturn this.auth.standalone();","\t}","","\tappAuth () {","\t\tdebug('vk.appAuth deprecated, use vk.auth.server');","","\t\treturn this.auth.server();","\t}","","\tandroidAuth () {","\t\tdebug('vk.androidAuth deprecated, use vk.auth.android');","","\t\treturn this.auth.android();","\t}","","\twindowsAuth () {","\t\tdebug('vk.windowsAuth deprecated, use vk.auth.windows');","","\t\treturn this.auth.windows();","\t}","","\twindowsPhoneAuth () {","\t\tdebug('vk.windowsPhoneAuth deprecated, use vk.auth.windowsPhone');","","\t\treturn this.auth.windowsPhone();","\t}","","\tiphoneAuth () {","\t\tdebug('vk.iphoneAuth deprecated, use vk.auth.iphone');","","\t\treturn this.auth.iphone();","\t}","","\tipadAuth () {","\t\tdebug('vk.ipadAuth deprecated, use vk.auth.ipad');","","\t\treturn this.auth.ipad();","\t}","","\tget stream () {","\t\tdebug('vk.stream deprecated, use vk.collect');","","\t\treturn this.collect;","\t}","}","","module.exports = VK;",""],"l":{"3":2,"4":2,"5":0,"7":0,"8":0,"9":0,"10":0,"11":0,"12":0,"14":0,"15":0,"20":0,"39":0,"40":0,"45":0,"46":0,"47":0,"48":0,"49":0,"51":0,"53":0,"62":0,"73":0,"75":0,"86":0,"91":0,"102":0,"104":0,"113":0,"125":0,"137":0,"148":0,"157":0,"169":0,"171":0,"172":0,"175":0,"186":0,"197":0,"208":0,"219":0,"221":0,"222":0,"225":0,"226":0,"227":0,"228":0,"229":0,"233":0,"234":0,"235":0,"238":0,"239":0,"242":0,"245":0,"251":0,"253":0,"257":0,"259":0,"263":0,"265":0,"269":0,"271":0,"275":0,"277":0,"281":0,"283":0,"287":0,"289":0,"293":0,"295":0,"299":0,"301":0,"305":0,"307":0,"311":0}},"/home/travis/build/npmtest/node-npmtest-vk-io/node_modules/vk-io/api/methods.js":{"path":"/home/travis/build/npmtest/node-npmtest-vk-io/node_modules/vk-io/api/methods.js","s":{"1":2},"b":{},"f":{},"fnMap":{},"statementMap":{"1":{"start":{"line":9,"column":0},"end":{"line":612,"column":2}}},"branchMap":{},"code":["'use strict';","","/**"," * Список методов ВКонтакте"," * Последнее обновление 25.03.2017"," *"," * @type {Array}"," */","module.exports = [","\t/**","\t * Account","\t * Методы для работы с аккаунтом","\t */","\t'account.banUser',","\t'account.changePassword',","\t'account.getActiveOffers',","\t'account.getAppPermissions',","\t'account.getBanned',","\t'account.getCounters',","\t'account.getInfo',","\t'account.getProfileInfo',","\t'account.getPushSettings',","\t'account.lookupContacts',","\t'account.registerDevice',","\t'account.saveProfileInfo',","\t'account.setInfo',","\t'account.setNameInMenu',","\t'account.setOffline',","\t'account.setOnline',","\t'account.setPushSettings',","\t'account.setSilenceMode',","\t'account.unbanUser',","\t'account.unregisterDevice',","","\t/**","\t * Ads","\t * API для работы с рекламным кабинетом ВКонтакт","\t */","\t'ads.addOfficeUsers',","\t'ads.checkLink',","\t'ads.createAds',","\t'ads.createCampaigns',","\t'ads.createClients',","\t'ads.createTargetGroup',","\t'ads.deleteAds',","\t'ads.deleteCampaigns',","\t'ads.deleteClients',","\t'ads.deleteTargetGroup',","\t'ads.getAccounts',","\t'ads.getAds',","\t'ads.getAdsLayout',","\t'ads.getAdsTargeting',","\t'ads.getBudget',","\t'ads.getCampaigns',","\t'ads.getCategories',","\t'ads.getClients',","\t'ads.getDemographics',","\t'ads.getFloodStats',","\t'ads.getOfficeUsers',","\t'ads.getPostsReach',","\t'ads.getRejectionReason',","\t'ads.getStatistics',","\t'ads.getSuggestions',","\t'ads.getTargetGroups',","\t'ads.getTargetingStats',","\t'ads.getUploadURL',","\t'ads.getVideoUploadURL',","\t'ads.importTargetContacts',","\t'ads.removeOfficeUsers',","\t'ads.updateAds',","\t'ads.updateCampaigns',","\t'ads.updateClients',","\t'ads.updateTargetGroup',","","\t/**","\t * Apps","\t * Методы для работы с приложениями","\t */","\t'apps.deleteAppRequests',","\t'apps.get',","\t'apps.getCatalog',","\t'apps.getFriendsList',","\t'apps.getLeaderboard',","\t'apps.getScore',","\t'apps.sendRequest',","","\t/**","\t * Audio","\t * Методы для работы с аудиозаписями","\t */","\t'audio.get',","\t'audio.getById',","\t'audio.getLyrics',","\t'audio.search',","\t'audio.getUploadServer',","\t'audio.save',","\t'audio.add',","\t'audio.delete',","\t'audio.edit',","\t'audio.reorder',","\t'audio.restore',","\t'audio.getAlbums',","\t'audio.addAlbum',","\t'audio.editAlbum',","\t'audio.deleteAlbum',","\t'audio.moveToAlbum',","\t'audio.setBroadcast',","\t'audio.getBroadcastList',","\t'audio.getRecommendations',","\t'audio.getPopular',","\t'audio.getCount',","","\t/**","\t * Auth","\t * Методы для работы с авторизацией","\t */","\t'auth.checkPhone',","\t'auth.confirm',","\t'auth.restore',","\t'auth.signup',","","\t/**","\t * Board","\t * Методы для работы с обсуждениями","\t */","\t'board.addTopic',","\t'board.closeTopic',","\t'board.createComment',","\t'board.deleteComment',","\t'board.deleteTopic',","\t'board.editComment',","\t'board.editTopic',","\t'board.fixTopic',","\t'board.getComments',","\t'board.getTopics',","\t'board.openTopic',","\t'board.restoreComment',","\t'board.unfixTopic',","","\t/**","\t * Database","\t * Доступ к базе данных учебных заведений ВКонтакте","\t */","\t'database.getChairs',","\t'database.getCities',","\t'database.getCitiesById',","\t'database.getCountries',","\t'database.getCountriesById',","\t'database.getFaculties',","\t'database.getRegions',","\t'database.getSchoolClasses',","\t'database.getSchools',","\t'database.getStreetsById',","\t'database.getUniversities',","","\t/**","\t * Docs","\t * Методы для работы с документами","\t */","\t'docs.add',","\t'docs.delete',","\t'docs.edit',","\t'docs.get',","\t'docs.getById',","\t'docs.getTypes',","\t'docs.getUploadServer',","\t'docs.getWallUploadServer',","\t'docs.save',","\t'docs.search',","","\t/**","\t * Fave","\t * Методы для работы с закладками","\t */","\t'fave.addGroup',","\t'fave.addLink',","\t'fave.addUser',","\t'fave.getLinks',","\t'fave.getMarketItems',","\t'fave.getPhotos',","\t'fave.getPosts',","\t'fave.getUsers',","\t'fave.getVideos',","\t'fave.removeGroup',","\t'fave.removeLink',","\t'fave.removeUser',","","\t/**","\t * Friends","\t * Методы для работы с друзьями","\t */","\t'friends.add',","\t'friends.addList',","\t'friends.areFriends',","\t'friends.delete',","\t'friends.deleteAllRequests',","\t'friends.deleteList',","\t'friends.edit',","\t'friends.editList',","\t'friends.get',","\t'friends.getAppUsers',","\t'friends.getByPhones',","\t'friends.getLists',","\t'friends.getMutual',","\t'friends.getOnline',","\t'friends.getRecent',","\t'friends.getRequests',","\t'friends.getSuggestions',","\t'friends.search',","","\t/**","\t * Gifts","\t * Методы для работы с подарками","\t */","\t'gifts.get',","\t/* Неофициально */","\t'gifts.send',","\t'gifts.getCatalog',","","\t/**","\t * Groups","\t * Методы для работы с сообществами","\t */","\t'groups.addLink',","\t'groups.approveRequest',","\t'groups.banUser',","\t'groups.create',","\t'groups.deleteLink',","\t'groups.edit',","\t'groups.editLink',","\t'groups.editManager',","\t'groups.editPlace',","\t'groups.get',","\t'groups.getBanned',","\t'groups.getById',","\t'groups.getCallbackConfirmationCode',","\t'groups.getCallbackServerSettings',","\t'groups.getCallbackSettings',","\t'groups.getCatalog',","\t'groups.getCatalogInfo',","\t'groups.getInvitedUsers',","\t'groups.getInvites',","\t'groups.getMembers',","\t'groups.getRequests',","\t'groups.getSettings',","\t'groups.invite',","\t'groups.isMember',","\t'groups.join',","\t'groups.leave',","\t'groups.removeUser',","\t'groups.reorderLink',","\t'groups.search',","\t'groups.setCallbackServer',","\t'groups.setCallbackServerSettings',","\t'groups.setCallbackSettings',","\t'groups.unbanUser',","","\t/**","\t * Leads","\t * Управления рекламными акциями (офферами).","\t */","\t'leads.checkUser',","\t'leads.complete',","\t'leads.getStats',","\t'leads.getUsers',","\t'leads.metricHit',","\t'leads.start',","","\t/**","\t * Likes","\t * Методы для работы с отметками «Мне нравится»","\t */","\t'likes.add',","\t'likes.delete',","\t'likes.getList',","\t'likes.isLiked',","","\t/**","\t * Market","\t * Методы market позволяют работать с товарами в сообществах","\t */","\t'market.add',","\t'market.addAlbum',","\t'market.addToAlbum',","\t'market.createComment',","\t'market.delete',","\t'market.deleteAlbum',","\t'market.deleteComment',","\t'market.edit',","\t'market.editAlbum',","\t'market.editComment',","\t'market.get',","\t'market.getAlbumById',","\t'market.getAlbums',","\t'market.getById',","\t'market.getCategories',","\t'market.getComments',","\t'market.removeFromAlbum',","\t'market.reorderAlbums',","\t'market.reorderItems',","\t'market.report',","\t'market.reportComment',","\t'market.restore',","\t'market.restoreComment',","\t'market.search',","","\t/**","\t * Messages","\t * Методы для работы с личными сообщениями","\t */","\t'messages.addChatUser',","\t'messages.allowMessagesFromGroup',","\t'messages.createChat',","\t'messages.delete',","\t'messages.deleteChatPhoto',","\t'messages.deleteDialog',","\t'messages.denyMessagesFromGroup',","\t'messages.editChat',","\t'messages.get',","\t'messages.getById',","\t'messages.getChat',","\t'messages.getChatUsers',","\t'messages.getDialogs',","\t'messages.getHistory',","\t'messages.getHistoryAttachments',","\t'messages.getLastActivity',","\t'messages.getLongPollHistory',","\t'messages.getLongPollServer',","\t'messages.isMessagesFromGroupAllowed',","\t'messages.markAsAnsweredDialog',","\t'messages.markAsImportant',","\t'messages.markAsImportantDialog',","\t'messages.markAsRead',","\t'messages.removeChatUser',","\t'messages.restore',","\t'messages.search',","\t'messages.searchDialogs',","\t'messages.send',","\t'messages.setActivity',","\t'messages.setChatPhoto',","","\t/**","\t * Newsfeed","\t * Методы для работы с новостной лентой пользователя","\t */","\t'newsfeed.addBan',","\t'newsfeed.deleteBan',","\t'newsfeed.deleteList',","\t'newsfeed.get',","\t'newsfeed.getBanned',","\t'newsfeed.getComments',","\t'newsfeed.getLists',","\t'newsfeed.getMentions',","\t'newsfeed.getRecommended',","\t'newsfeed.getSuggestedSources',","\t'newsfeed.ignoreItem',","\t'newsfeed.saveList',","\t'newsfeed.search',","\t'newsfeed.unignoreItem',","\t'newsfeed.unsubscribe',","","\t/**","\t * Notes","\t * Методы для работы с заметками.","\t */","\t'notes.add',","\t'notes.createComment',","\t'notes.delete',","\t'notes.deleteComment',","\t'notes.edit',","\t'notes.editComment',","\t'notes.get',","\t'notes.getById',","\t'notes.getComments',","\t'notes.restoreComment',","","\t/**","\t * Notifications","\t * Методы для работы с оповещениями","\t */","\t'notifications.get',","\t'notifications.markAsViewed',","","\t/**","\t * Orders","\t * Управление заказми совершённые в приложениях","\t */","\t'orders.changeState',","\t'orders.get',","\t'orders.getAmount',","\t'orders.getById',","","\t/**","\t * Pages","\t * Методы для работы с вики-страницами","\t */","\t'pages.clearCache',","\t'pages.get',","\t'pages.getHistory',","\t'pages.getTitles',","\t'pages.getVersion',","\t'pages.parseWiki',","\t'pages.save',","\t'pages.saveAccess',","","\t/**","\t * Photos","\t * Методы для работы с фотографиями","\t */","\t'photos.confirmTag',","\t'photos.copy',","\t'photos.createAlbum',","\t'photos.createComment',","\t'photos.delete',","\t'photos.deleteAlbum',","\t'photos.deleteComment',","\t'photos.edit',","\t'photos.editAlbum',","\t'photos.editComment',","\t'photos.get',","\t'photos.getAlbums',","\t'photos.getAlbumsCount',","\t'photos.getAll',","\t'photos.getAllComments',","\t'photos.getById',","\t'photos.getChatUploadServer',","\t'photos.getComments',","\t'photos.getMarketAlbumUploadServer',","\t'photos.getMarketUploadServer',","\t'photos.getMessagesUploadServer',","\t'photos.getNewTags',","\t'photos.getOwnerCoverPhotoUploadServer',","\t'photos.getOwnerPhotoUploadServer',","\t'photos.getTags',","\t'photos.getUploadServer',","\t'photos.getUserPhotos',","\t'photos.getWallUploadServer',","\t'photos.makeCover',","\t'photos.move',","\t'photos.putTag',","\t'photos.removeTag',","\t'photos.reorderAlbums',","\t'photos.reorderPhotos',","\t'photos.report',","\t'photos.reportComment',","\t'photos.restore',","\t'photos.restoreComment',","\t'photos.save',","\t'photos.saveMarketAlbumPhoto',","\t'photos.saveMarketPhoto',","\t'photos.saveMessagesPhoto',","\t'photos.saveOwnerCoverPhoto',","\t'photos.saveOwnerPhoto',","\t'photos.saveWallPhoto',","\t'photos.search',","","\t/**","\t * Places","\t * Методы для работы с местами","\t */","\t'places.add',","\t'places.checkin',","\t'places.getById',","\t'places.getCheckins',","\t'places.getTypes',","\t'places.search',","","\t/**","\t * Polls","\t * Методы для работы с опросами.","\t */","\t'polls.addVote',","\t'polls.create',","\t'polls.deleteVote',","\t'polls.edit',","\t'polls.getById',","\t'polls.getVoters',","","\t/**","\t * Search","\t * Методы для работы с поиском","\t */","\t'search.getHints',","","\t/**","\t * Secure","\t * Административные методы","\t */","\t'secure.addAppEvent',","\t'secure.checkToken',","\t'secure.getAppBalance',","\t'secure.getSMSHistory',","\t'secure.getTransactionsHistory',","\t'secure.getUserLevel',","\t'secure.sendNotification',","\t'secure.sendSMSNotification',","\t'secure.setCounter',","\t'secure.setUserLevel',","","\t/**","\t * Stats","\t * Методы для работы со статистикой","\t */","\t'stats.get',","\t'stats.getPostReach',","\t'stats.trackVisitor',","","\t/**","\t * Status","\t * Методы для работы со статусом","\t */","\t'status.get',","\t'status.set',","","\t/**","\t * Storage","\t * Методы для работы с переменными в приложении","\t */","\t'storage.get',","\t'storage.getKeys',","\t'storage.set',","","\t/**","\t * Users","\t * Методы для работы с данными пользователей","\t */","\t'users.get',","\t'users.getFollowers',","\t'users.getNearby',","\t'users.getSubscriptions',","\t'users.isAppUser',","\t'users.report',","\t'users.search',","","\t/**","\t * Utils","\t * Служебные методы","\t */","\t'utils.checkLink',","\t'utils.deleteFromLastShortened',","\t'utils.getLastShortenedLinks',","\t'utils.getLinkStats',","\t'utils.getServerTime',","\t'utils.getShortLink',","\t'utils.resolveScreenName',","","\t/**","\t * Video","\t * Методы для работы с видеозаписями","\t */","\t'video.add',","\t'video.addAlbum',","\t'video.addToAlbum',","\t'video.createComment',","\t'video.delete',","\t'video.deleteAlbum',","\t'video.deleteComment',","\t'video.edit',","\t'video.editAlbum',","\t'video.editComment',","\t'video.get',","\
[...]
":128,"column":6}},"29":{"start":{"line":130,"column":4},"end":{"line":130,"column":28}},"30":{"start":{"line":133,"column":3},"end":{"line":133,"column":38}},"31":{"start":{"line":135,"column":3},"end":{"line":135,"column":12}},"32":{"start":{"line":138,"column":2},"end":{"line":138,"column":42}},"33":{"start":{"line":140,"column":2},"end":{"line":143,"column":4}},"34":{"start":{"line":145,"column":2},"end":{"line":147,"column":3}},"35":{"start":{"line":146,"column":3},"end":{"line":146,"column":40}},"36":{"start":{"line":149,"column":2},"end":{"line":149,"column":37}},"37":{"start":{"line":152,"column":1},"end":{"line":152,"column":20}},"38":{"start":{"line":155,"column":0},"end":{"line":155,"column":44}},"39":{"start":{"line":160,"column":0},"end":{"line":160,"column":34}},"40":{"start":{"line":169,"column":0},"end":{"line":203,"column":1}},"41":{"start":{"line":170,"column":1},"end":{"line":172,"column":2}},"42":{"start":{"line":171,"column":2},"end":{"line":171,"column":41}},"43":{"start":{"line":174,"column":1},"end":{"line":174,"column":16}},"44":{"start":{"line":176,"column":1},"end":{"line":200,"column":2}},"45":{"start":{"line":177,"column":2},"end":{"line":177,"column":45}},"46":{"start":{"line":179,"column":2},"end":{"line":181,"column":3}},"47":{"start":{"line":180,"column":3},"end":{"line":180,"column":12}},"48":{"start":{"line":183,"column":2},"end":{"line":183,"column":41}},"49":{"start":{"line":185,"column":2},"end":{"line":189,"column":4}},"50":{"start":{"line":191,"column":2},"end":{"line":195,"column":3}},"51":{"start":{"line":192,"column":3},"end":{"line":192,"column":17}},"52":{"start":{"line":194,"column":3},"end":{"line":194,"column":12}},"53":{"start":{"line":197,"column":2},"end":{"line":197,"column":31}},"54":{"start":{"line":199,"column":2},"end":{"line":199,"column":16}},"55":{"start":{"line":202,"column":1},"end":{"line":202,"column":12}},"56":{"start":{"line":213,"column":0},"end":{"line":251,"column":1}},"57":{"start":{"line":214,"column":1},"end":{"line":214,"column":16}},"58":{"start":{"line":216,"column":1},"end":{"line":216,"column":14}},"59":{"start":{"line":217,"column":1},"end":{"line":217,"column":14}},"60":{"start":{"line":218,"column":1},"end":{"line":218,"column":15}},"61":{"start":{"line":220,"column":1},"end":{"line":223,"column":3}},"62":{"start":{"line":221,"column":2},"end":{"line":221,"column":16}},"63":{"start":{"line":222,"column":2},"end":{"line":222,"column":11}},"64":{"start":{"line":225,"column":1},"end":{"line":246,"column":2}},"65":{"start":{"line":226,"column":2},"end":{"line":243,"column":3}},"66":{"start":{"line":228,"column":4},"end":{"line":234,"column":5}},"67":{"start":{"line":229,"column":5},"end":{"line":229,"column":22}},"68":{"start":{"line":231,"column":5},"end":{"line":231,"column":18}},"69":{"start":{"line":233,"column":5},"end":{"line":233,"column":14}},"70":{"start":{"line":236,"column":4},"end":{"line":236,"column":10}},"71":{"start":{"line":238,"column":4},"end":{"line":238,"column":11}},"72":{"start":{"line":240,"column":4},"end":{"line":240,"column":10}},"73":{"start":{"line":242,"column":4},"end":{"line":242,"column":12}},"74":{"start":{"line":245,"column":2},"end":{"line":245,"column":14}},"75":{"start":{"line":248,"column":1},"end":{"line":248,"column":14}},"76":{"start":{"line":250,"column":1},"end":{"line":250,"column":12}},"77":{"start":{"line":253,"column":0},"end":{"line":253,"column":30}},"78":{"start":{"line":258,"column":0},"end":{"line":258,"column":19}},"79":{"start":{"line":259,"column":0},"end":{"line":259,"column":19}},"80":{"start":{"line":260,"column":0},"end":{"line":260,"column":23}},"81":{"start":{"line":261,"column":0},"end":{"line":261,"column":21}},"82":{"start":{"line":262,"column":0},"end":{"line":262,"column":19}},"83":{"start":{"line":271,"column":0},"end":{"line":277,"column":1}},"84":{"start":{"line":272,"column":1},"end":{"line":276,"column":20}},"85":{"start":{"line":279,"column":0},"end":{"line":279,"column":28}}},"branchMap":{"1":{"line":48,"type":"cond-expr","locations":[{"start":{"line":48,"column":21},"end":{"line":48,"column":31}},{"start":{"line":48,"column":34},"end":{"line":48,"column":45}}]},"2":{"line":53,"type":"if","locations":[{"start":{"line":53,"column":2},"end":{"line":53,"column":2}},{"start":{"line":53,"column":2},"end":{"line":53,"column":2}}]},"3":{"line":78,"type":"binary-expr","locations":[{"start":{"line":78,"column":9},"end":{"line":78,"column":20}},{"start":{"line":78,"column":24},"end":{"line":78,"column":28}}]},"4":{"line":100,"type":"if","locations":[{"start":{"line":100,"column":1},"end":{"line":100,"column":1}},{"start":{"line":100,"column":1},"end":{"line":100,"column":1}}]},"5":{"line":100,"type":"binary-expr","locations":[{"start":{"line":100,"column":5},"end":{"line":100,"column":21}},{"start":{"line":100,"column":25},"end":{"line":100,"column":58}}]},"6":{"line":109,"type":"if","locations":[{"start":{"line":109,"column":2},"end":{"line":109,"column":2}},{"start":{"line":109,"column":2},"end":{"line":109,"column":2}}]},"7":{"line":113,"type":"if","locations":[{"start":{"line":113,"column":2},"end":{"line":113,"column":2}},{"start":{"line":113,"column":2},"end":{"line":113,"column":2}}]},"8":{"line":122,"type":"if","locations":[{"start":{"line":122,"column":3},"end":{"line":122,"column":3}},{"start":{"line":122,"column":3},"end":{"line":122,"column":3}}]},"9":{"line":122,"type":"binary-expr","locations":[{"start":{"line":122,"column":7},"end":{"line":122,"column":22}},{"start":{"line":122,"column":26},"end":{"line":122,"column":46}}]},"10":{"line":145,"type":"if","locations":[{"start":{"line":145,"column":2},"end":{"line":145,"column":2}},{"start":{"line":145,"column":2},"end":{"line":145,"column":2}}]},"11":{"line":145,"type":"binary-expr","locations":[{"start":{"line":145,"column":6},"end":{"line":145,"column":20}},{"start":{"line":145,"column":24},"end":{"line":145,"column":44}}]},"12":{"line":170,"type":"if","locations":[{"start":{"line":170,"column":1},"end":{"line":170,"column":1}},{"start":{"line":170,"column":1},"end":{"line":170,"column":1}}]},"13":{"line":179,"type":"if","locations":[{"start":{"line":179,"column":2},"end":{"line":179,"column":2}},{"start":{"line":179,"column":2},"end":{"line":179,"column":2}}]},"14":{"line":191,"type":"if","locations":[{"start":{"line":191,"column":2},"end":{"line":191,"column":2}},{"start":{"line":191,"column":2},"end":{"line":191,"column":2}}]},"15":{"line":226,"type":"switch","locations":[{"start":{"line":227,"column":3},"end":{"line":236,"column":10}},{"start":{"line":237,"column":3},"end":{"line":240,"column":10}},{"start":{"line":241,"column":3},"end":{"line":242,"column":12}}]},"16":{"line":228,"type":"if","locations":[{"start":{"line":228,"column":4},"end":{"line":228,"column":4}},{"start":{"line":228,"column":4},"end":{"line":228,"column":4}}]}},"code":["'use strict';","","/**"," * Список флагов сообщения"," *"," * unread - сообщение не прочитано"," * outbox - исходящее сообщение"," * replied - на сообщение был создан ответ"," * important - помеченное сообщение"," * chat - сообщение отправлено через чат"," * friends - сообщение отправлено другом"," * spam - сообщение помечено как \"Спам\""," * delеtеd - сообщение удалено (в корзине)"," * fixed - сообщение проверено пользователем на спам"," * media - сообщение содержит медиаконтент"," */","const dialogFlags = {","\t1: 'unread',","\t2: 'outbox',","\t4: 'replied',","\t8: 'important',","\t16: 'chat',","\t32: 'friends',","\t64: 'spam',","\t128: 'delеtеd',","\t256: 'fixed',","\t512: 'media'","};","","/**"," * Список флагов сообщества"," *"," * important - важный диалог"," * answered - диалог с ответом от сообщества"," * ... наследование сообщений диалогов"," */","const groupFlags = Object.assign({}, dialogFlags, {","\t1: 'important',","\t2: 'answered'","});","","/**"," * Парсирит longpoll флаги"," *"," * @return {Array}"," */","function parseFlags(sum, type = false) {","\tconst list = type ? groupFlags : dialogFlags;","","\tconst flags = [];","","\tfor (let i = 0, bit = 1; i < 10; ++i, bit *= 2) {","\t\tif ((sum & bit) !== 0) {","\t\t\tflags.push(list[bit]);","\t\t}","\t}","","\treturn flags;","}","","exports.parseFlags = parseFlags;","","/**"," * Уникальные прикрипления к сообщениям"," */","const attachmentOne = {","\t/* Отправлен стикер */","\tsticker: (raw) => ({","\t\tsticker: {","\t\t\tid: +raw.attach1,","\t\t\tproduct: +raw.attach1_product_id","\t\t}","\t}),","","\t/* Передача денег */","\tmoney_transfer: (raw) => ({","\t\tmoney: {","\t\t\tdata: raw.attach1 || null,","\t\t\tamount: +raw.attach1_amount,","\t\t\tcurrency: raw.attach1_currency","\t\t}","\t}),","","\t/* Отправлен подарок */","\tgift: (raw) => ({","\t\tgift: {","\t\t\tid: +raw.attach1","\t\t}","\t})","};","","/**"," * Парсирит прикрипления"," *"," * @param  {Object} raw"," *"," * @return {Object}"," */","function parseAttachments(raw) {","\tif ('attach1' in raw && raw.attach1_type in attachmentOne) {","\t\treturn attachmentOne[raw.attach1_type](raw);","\t}","","\tconst attachments = {};","","\tfor (let i = 1, key = 'attach1'; key in raw; ++i, key = 'attach' + i) {","\t\tlet type = raw[key + '_type'];","","\t\tif (!(type in attachments)) {","\t\t\tattachments[type] = [];","\t\t}","","\t\tif (type === 'link') {","\t\t\tconst attachment = {","\t\t\t\turl: raw[key + '_url'],","\t\t\t\ttitle: raw[key + '_title'],","\t\t\t\tdescription: raw[key + '_desc']","\t\t\t};","","\t\t\tconst photoKey = key + '_photo';","","\t\t\tif (photoKey in raw && raw[photoKey] !== '') {","\t\t\t\tconst [owner, id] = raw[photoKey].split('_');","","\t\t\t\tattachment.photo = {","\t\t\t\t\tid: +id,","\t\t\t\t\towner: +owner","\t\t\t\t};","\t\t\t} else {","\t\t\t\tattachment.photo = null;","\t\t\t}","","\t\t\tattachments[type].push(attachment);","","\t\t\tcontinue;","\t\t}","","\t\tconst [owner, id] = raw[key].split('_');","","\t\tconst attachment = {","\t\t\tid: +id,","\t\t\towner: +owner","\t\t};","","\t\tif (type === 'doc' && key + '_kind' in raw) {","\t\t\tattachment.type = raw[key + '_kind'];","\t\t}","","\t\tattachments[type].push(attachment);","\t}","","\treturn attachments;","}","","exports.parseAttachments = parseAttachments;","","/**"," * Проверяет наличие скобок"," */","const fwdHasBrackets = /(\\(.*\\))/;","","/**"," * Парсирит пересланные сообщения"," *"," * @param {string} raw"," *"," * @return {Array}"," */","function parseFwds(raw) {","\tif (fwdHasBrackets.test(raw)) {","\t\traw = raw.substring(1, raw.length - 1);","\t}","","\tconst out = [];","","\tfor (const block of splitFwdDelimiter(raw, ',')) {","\t\tconst pair = splitFwdDelimiter(block, ':');","","\t\tif (pair.length === 0) {","\t\t\tcontinue;","\t\t}","","\t\tconst [owner, id] = pair[0].split('_');","","\t\tconst fwd = {","\t\t\tid: +id,","\t\t\towner: +owner,","\t\t\tfwd: []","\t\t};","","\t\tif (pair.length !== 2) {","\t\t\tout.push(fwd);","","\t\t\tcontinue;","\t\t}","","\t\tfwd.fwd = parseFwds(pair[1]);","","\t\tout.push(fwd);","\t}","","\treturn out;","}","","/**"," * Разделяет строку через разделитель"," *"," * @param {string} raw"," * @param {string} delimiter"," *"," * @return {Array}"," */","function splitFwdDelimiter(raw, delimiter) {","\tconst out = [];","","\tlet tmp = '';","\tlet left = 0;","\tlet right = 0;","","\tconst keepResult = () => {","\t\tout.push(tmp);","\t\ttmp = '';","\t};","","\tfor (const sign of raw) {","\t\tswitch (sign) {","\t\t\tcase delimiter:","\t\t\t\tif (left === right) {","\t\t\t\t\tleft = right = 0;","","\t\t\t\t\tkeepResult();","","\t\t\t\t\tcontinue;","\t\t\t\t}","","\t\t\t\tbreak;","\t\t\tcase '(':","\t\t\t\t++left;","","\t\t\t\tbreak;","\t\t\tcase ')':","\t\t\t\t++right;","\t\t}","","\t\ttmp += sign;","\t}","","\tkeepResult();","","\treturn out;","}","","exports.parseFwds = parseFwds;","","/**"," * Кэш регулярных выражений"," */","const lt = /&lt;/g;","const qt = /&gt;/g;","const quot = /&quot;/g;","const amp = /&amp;/g;","const br = /<br>/g;","","/**"," * Декодирует HTML сущности"," *"," * @param {string} str"," *"," * @return {string}"," */","function unescape(str) {","\treturn str","\t.replace(lt, '<')","\t.replace(qt, '>')","\t.replace(quot, '\"')","\t.replace(amp, '&');","}","","exports.unescape = unescape;",""],"l":{"17":2,"37":2,"47":1,"48":0,"50":0,"52":0,"53":0,"54":0,"58":0,"61":2,"66":2,"68":0,"76":0,"85":0,"99":1,"100":0,"101":0,"104":0,"106":0,"107":0,"109":0,"110":0,"113":0,"114":0,"120":0,"122":0,"123":0,"125":0,"130":0,"133":0,"135":0,"138":0,"140":0,"145":0,"146":0,"149":0,"152":0,"155":2,"160":2,"169":1,"170":0,"171":0,"174":0,"176":0,"177":0,"179":0,"180":0,"183":0,"185":0,"191":0,"192":0,"194":0,"197":0,"199":0,"202":0,"213":1,"214":0,"216":0,"217":0,"218":0,"220":0,"221":0,"222":0,"225":0,"226":0,"228":0,"229":0,"231":0,"233":0,"236":0,"238":0,"240":0,"242":0,"245":0,"248":0,"250":0,"253":2,"258":2,"259":2,"260":2,"261":2,"262":2,"271":1,"272":0,"279":2}},"/home/travis/build/npmtest/node-npmtest-vk-io/node_modules/vk-io/snippets/attachments.js":{"path":"/home/travis/build/npmtest/node-npmtest-vk-io/node_modules/vk-io/snippets/attachments.js","s":{"1":2,"2":0,"3":2,"4":0,"5":2,"6":2,"7":0,"8":2,"9":2,"10":0},"b":{"1":[0,0],"2":[0,0,0],"3":[0,0,0]},"f":{},"fnMap":{},"statementMap":{"1":{"start":{"line":11,"column":0},"end":{"line":13,"column":2}},"2":{"start":{"line":12,"column":1},"end":{"line":12,"column":49}},"3":{"start":{"line":22,"column":0},"end":{"line":24,"column":2}},"4":{"start":{"line":23,"column":1},"end":{"line":23,"column":34}},"5":{"start":{"line":26,"column":0},"end":{"line":26,"column":38}},"6":{"start":{"line":35,"column":0},"end":{"line":37,"column":2}},"7":{"start":{"line":36,"column":1},"end":{"line":36,"column":59}},"8":{"start":{"line":39,"column":0},"end":{"line":39,"column":40}},"9":{"start":{"line":48,"column":0},"end":{"line":50,"column":2}},"10":{"start":{"line":49,"column":1},"end":{"line":49,"column":62}}},"branchMap":{"1":{"line":23,"type":"binary-expr","locations":[{"start":{"line":23,"column":1},"end":{"line":23,"column":16}},{"start":{"line":23,"column":20},"end":{"line":23,"column":34}}]},"2":{"line":36,"type":"binary-expr","locations":[{"start":{"line":36,"column":1},"end":{"line":36,"column":16}},{"start":{"line":36,"column":20},"end":{"line":36,"column":35}},{"start":{"line":36,"column":39},"end":{"line":36,"column":59}}]},"3":{"line":49,"type":"binary-expr","locations":[{"start":{"line":49,"column":1},"end":{"line":49,"column":17}},{"start":{"line":49,"column":21},"end":{"line":49,"column":37}},{"start":{"line":49,"column":41},"end":{"line":49,"column":62}}]}},"code":["'use strict';","","/**"," * Собирает прикрипление из переданных значений"," *"," * @param {string} type"," * @param {mixed}  attachment"," *"," * @return {string}"," */","exports.getAttachment = (type, attachment) => (","\ttype + attachment.owner_id + '_' + attachment.id",");","","/**"," * Возвращает ссылку на маленькую фотографию"," *"," * @param {Object} photo"," *"," * @return {string}"," */","const getSmallPhoto = (photo) => (","\tphoto.photo_130 || photo.photo_75",");","","exports.getSmallPhoto = getSmallPhoto;","","/**"," * Возвращает ссылку на среднюю фотографию"," *"," * @param {Object} photo"," *"," * @return {string}"," */","const getMediumPhoto = (photo) => (","\tphoto.photo_807 || photo.photo_604 || getSmallPhoto(photo)",");","","exports.getMediumPhoto = getMediumPhoto;","","/**"," * Возвращает ссылку на большую фотографию"," *"," * @param {Object} photo"," *"," * @return {string}"," */","exports.getLargePhoto = (photo) => (","\tphoto.photo_2560 || photo.photo_1280 || getMediumPhoto(photo)",");",""],"l":{"11":2,"12":0,"22":2,"23":0,"26":2,"35":2,"36":0,"39":2,"48":2,"49":0}},"/home/travis/build/npmtest/node-npmtest-vk-io/node_modules/vk-io/snippets/link.js":{"path":"/home/travis/build/npmtest/node-npmtest-vk-io/node_modules/vk-io/snippets/link.js","s":{"1":2,"2":2,"3":2,"4":2,"5":2,"6":2,"7":0,"8":0,"9":0,"10":0,"11":0,"12":0,"13":0,"14":0,"15":0,"16":0,"17":0,"18":0,"19":0,"20":0,"21":0},"b":{"1":[0,0],"2":[0,0],"3":[0,0],"4":[0,0],"5":[0,0]},"f":{},"fnMap":{},"statementMap":{"1":{"start":{"line":3,"column":0},"end":{"line":3,"column":36}},"2":{"start":{"line":5,"column":0},"end":{"line":5,"column":75}},"3":{"start":{"line":7,"column":0},"end":{"line":7,"column":61}},"4":{"start":{"line":9,"column":0},"end":{"line":9,"column":54}},"5":{"start":{"line":11,"column":0},"end":{"line":16,"column":2}},"6":{"start":{"line":26,"column":0},"end":{"line":72,"column":2}},"7":{"start":{"line":27,"column":1},"end":{"line":35,"column":2}},"8":{"start":{"line":28,"column":2},"end":{"line":28,"column":50}},"9":{"start":{"line":30,"column":2},"end":{"line":34,"column":5}},"10":{"start":{"line":37,"column":1},"end":{"line":50,"column":2}},"11":{"start":{"line":38,"column":2},"end":{"line":38,"column":38}},"12":{"start":{"line":40,"column":2},"end":{"line":40,"column":36}},"13":{"start":{"line":42,"column":2},"end":{"line":44,"column":3}},"14":{"start":{"line":43,"column":3},"end":{"line":43,"column":31}},"15":{"start":{"line":46,"column":2},"end":{"line":49,"column":5}},"16":{"start":{"line":52,"column":1},"end":{"line":57,"column":2}},"17":{"start":{"line":53,"column":2},"end":{"line":56,"column":5}},"18":{"start":{"line":59,"column":1},"end":{"line":71,"column":4}},"19":{"start":{"line":63,"column":2},"end":{"line":65,"column":3}},"20":{"start":{"line":64,"column":3},"end":{"line":64,"column":45}},"21":{"start":{"line":67,"column":2},"end":{"line":70,"column":4}}},"branchMap":{"1":{"line":27,"type":"if","locations":[{"start":{"line":27,"column":1},"end":{"line":27,"column":1}},{"start":{"line":27,"column":1},"end":{"line":27,"column":1}}]},"2":{"line":37,"type":"if","locations":[{"start":{"line":37,"column":1},"end":{"line":37,"column":1}},{"start":{"line":37,"column":1},"end":{"line":37,"column":1}}]},"3":{"line":42,"type":"if","locations":[{"start":{"line":42,"column":2},"end":{"line":42,"column":2}},{"start":{"line":42,"column":2},"end":{"line":42,"column":2}}]},"4":{"line":52,"type":"if","locations":[{"start":{"line":52,"column":1},"end":{"line":52,"column":1}},{"start":{"line":52,"column":1},"end":{"line":52,"column":1}}]},"5":{"line":63,"type":"if","locations":[{"start":{"line":63,"column":2},"end":{"line":63,"column":2}},{"start":{"line":63,"column":2},"end":{"line":63,"column":2}}]}},"code":["'use strict';","","const Promise = require('bluebird');","","const mainTypes = /(photo|video|doc|album|topic|wall|page)([\\d-]+)_(\\d+)/i;","","const otherTypes = /(app(?:lication)?|id|club|public)(\\d+)/i;","","const replaceNotUri = /https?:\\/\\/(?:m)?.?vk\\.com\\//i;","","const aliasOtherType = {","\tid: 'user',","\tclub: 'group',","\tapplication: 'app',","\tpublic: 'group'","};","","/**"," * Парсирит ссылку ВКонтакте"," *"," * @param {Api}    api"," * @param {string} uri"," *"," * @return {Promise}"," */","module.exports = (api, uri) => {","\tif (mainTypes.test(uri)) {","\t\tconst [, type, peer, id] = uri.match(mainTypes);","","\t\treturn Promise.resolve({","\t\t\tid: +id,","\t\t\tpeer: +peer,","\t\t\ttype: type.toLowerCase()","\t\t});","\t}","","\tif (otherTypes.test(uri)) {","\t\tconst match = uri.match(otherTypes);","","\t\tlet type = match[1].toLowerCase();","","\t\tif (type in aliasOtherType) {","\t\t\ttype = aliasOtherType[type];","\t\t}","","\t\treturn Promise.resolve({","\t\t\tid: +match[2],","\t\t\ttype","\t\t});","\t}","","\tif (/^\\d+$/.test(uri)) {","\t\treturn Promise.resolve({","\t\t\tid: +uri,","\t\t\ttype: 'user'","\t\t});","\t}","","\treturn api.utils.resolveScreenName({","\t\tscreen_name: uri.replace(replaceNotUri, '')","\t})","\t.then((screen) => {","\t\tif (Array.isArray(screen)) {","\t\t\tthrow new Error('This link is not valid');","\t\t}","","\t\treturn {","\t\t\tid: +screen.object_id,","\t\t\ttype: screen.type","\t\t};","\t});","};",""],"l":{"3":2,"5":2,"7":2,"9":2,"11":2,"26":2,"27":0,"28":0,"30":0,"37":0,"38":0,"40":0,"42":0,"43":0,"46":0,"52":0,"53":0,"59":0,"63":0,"64":0,"67":0}}}